2021-10-09 23:40:13 +0000  Initial pipeline context: <IDEDistributionProcessingPipelineContext: 0x7fd32cc371c0; archive(resolved)="<IDEArchive: 0x7fd359c31430>", distributionTask(resolved)="2", distributionDestination(resolved)="1", distributionMethod(resolved)="<IDEDistributionMethodiOSAdHoc: 0x7fd342329b10>", team(resolved)="<IDEProvisioningDisambiguatableBasicTeam: 0x7fd347265150; teamID='878WRHSR2X', teamName='Ahmed Elsawasay', teamType='Company', username='abdlrhmanelmahdy@gmail.com', isFreeProvisioningTeam='0'>">
	Chain (14, self inclusive):
	<IDEDistributionProcessingPipelineContext: 0x7fd32cc371c0; archive = "<IDEArchive: 0x7fd359c31430>", distributionMethod="<IDEDistributionMethodiOSAdHoc: 0x7fd342329b10>", team="<IDEProvisioningDisambiguatableBasicTeam: 0x7fd347265150; teamID='878WRHSR2X', teamName='Ahmed Elsawasay', teamType='Company', username='abdlrhmanelmahdy@gmail.com', isFreeProvisioningTeam='0'>">
	<IDEDistributionProcessingPipelineContext: 0x7fd354b431c0; archive = "<IDEArchive: 0x7fd359c31430>", distributionMethod="<IDEDistributionMethodiOSAdHoc: 0x7fd342329b10>", team="<IDEProvisioningDisambiguatableBasicTeam: 0x7fd347265150; teamID='878WRHSR2X', teamName='Ahmed Elsawasay', teamType='Company', username='abdlrhmanelmahdy@gmail.com', isFreeProvisioningTeam='0'>">
	<IDEDistributionContext: 0x7fd33134f9d0; archive = "<IDEArchive: 0x7fd359c31430>", distributionMethod="<IDEDistributionMethodiOSAdHoc: 0x7fd342329b10>", team="<IDEProvisioningDisambiguatableBasicTeam: 0x7fd347265150; teamID='878WRHSR2X', teamName='Ahmed Elsawasay', teamType='Company', username='abdlrhmanelmahdy@gmail.com', isFreeProvisioningTeam='0'>">
	<IDEDistributionContext: 0x7fd354b10c40; archive = "<IDEArchive: 0x7fd359c31430>", distributionMethod="<IDEDistributionMethodiOSAdHoc: 0x7fd342329b10>", team="<IDEProvisioningDisambiguatableBasicTeam: 0x7fd347265150; teamID='878WRHSR2X', teamName='Ahmed Elsawasay', teamType='Company', username='abdlrhmanelmahdy@gmail.com', isFreeProvisioningTeam='0'>">
	<IDEDistributionContext: 0x7fd3355c8580; archive = "<IDEArchive: 0x7fd359c31430>", distributionMethod="<IDEDistributionMethodiOSAdHoc: 0x7fd342329b10>", team="<IDEProvisioningDisambiguatableBasicTeam: 0x7fd347265150; teamID='878WRHSR2X', teamName='Ahmed Elsawasay', teamType='Company', username='abdlrhmanelmahdy@gmail.com', isFreeProvisioningTeam='0'>">
	<IDEDistributionContext: 0x7fd33136d7a0; archive = "<IDEArchive: 0x7fd359c31430>", distributionMethod="<IDEDistributionMethodiOSAdHoc: 0x7fd342329b10>", team="<IDEProvisioningDisambiguatableBasicTeam: 0x7fd347265150; teamID='878WRHSR2X', teamName='Ahmed Elsawasay', teamType='Company', username='abdlrhmanelmahdy@gmail.com', isFreeProvisioningTeam='0'>">
	<IDEDistributionContext: 0x7fd335668e70; archive = "<IDEArchive: 0x7fd359c31430>", distributionMethod="<IDEDistributionMethodiOSAdHoc: 0x7fd342329b10>", team="<IDEProvisioningDisambiguatableBasicTeam: 0x7fd347265150; teamID='878WRHSR2X', teamName='Ahmed Elsawasay', teamType='Company', username='abdlrhmanelmahdy@gmail.com', isFreeProvisioningTeam='0'>">
	<IDEDistributionContext: 0x7fd354b52630; archive = "<IDEArchive: 0x7fd359c31430>", distributionMethod="<IDEDistributionMethodiOSAdHoc: 0x7fd342329b10>", team="<IDEProvisioningDisambiguatableBasicTeam: 0x7fd347265150; teamID='878WRHSR2X', teamName='Ahmed Elsawasay', teamType='Company', username='abdlrhmanelmahdy@gmail.com', isFreeProvisioningTeam='0'>">
	<IDEDistributionContext: 0x7fd354b9a860; archive = "<IDEArchive: 0x7fd359c31430>", distributionMethod="<IDEDistributionMethodiOSAdHoc: 0x7fd342329b10>", team="<IDEProvisioningDisambiguatableBasicTeam: 0x7fd347265150; teamID='878WRHSR2X', teamName='Ahmed Elsawasay', teamType='Company', username='abdlrhmanelmahdy@gmail.com', isFreeProvisioningTeam='0'>">
	<IDEDistributionContext: 0x7fd354b0e7e0; archive = "<IDEArchive: 0x7fd359c31430>", distributionMethod="<IDEDistributionMethodiOSAdHoc: 0x7fd342329b10>", team="(null)">
	<IDEDistributionContext: 0x7fd33567aed0; archive = "<IDEArchive: 0x7fd359c31430>", distributionMethod="<IDEDistributionMethodiOSAdHoc: 0x7fd342329b10>", team="(null)">
	<IDEDistributionContext: 0x7fd3356ada20; archive = "<IDEArchive: 0x7fd359c31430>", distributionMethod="<IDEDistributionMethodiOSAdHoc: 0x7fd342329b10>", team="(null)">
	<IDEDistributionContext: 0x7fd3356732f0; archive = "<IDEArchive: 0x7fd359c31430>", distributionMethod="<IDEDistributionMethodiOSAdHoc: 0x7fd342329b10>", team="(null)">
	<IDEDistributionContext: 0x7fd33566da60; archive = "<IDEArchive: 0x7fd359c31430>", distributionMethod="(null)", team="(null)">
</IDEDistributionProcessingPipelineContext: 0x7fd32cc371c0>
2021-10-09 23:40:13 +0000  Processing step: IDEDistributionCreateDestRootStep
2021-10-09 23:40:13 +0000  Processing step: IDEDistributionCopyItemStep
2021-10-09 23:40:13 +0000  Running /usr/bin/ditto '-V' '/Users/Abdelrhman/Library/Developer/Xcode/Archives/2021-10-10/Enjaz 10-10-2021, 1.30 AM.xcarchive/Products/Applications/Enjaz.app' '/var/folders/nj/y2wbn0k928g09qd_dcmd6h2h0000gn/T/XcodeDistPipeline.~~~41e4JM/Root/Payload/Enjaz.app'
2021-10-09 23:40:13 +0000  >>> Copying /Users/Abdelrhman/Library/Developer/Xcode/Archives/2021-10-10/Enjaz 10-10-2021, 1.30 AM.xcarchive/Products/Applications/Enjaz.app 
2021-10-09 23:40:13 +0000  copying file ./_CodeSignature/CodeResources ... 
2021-10-09 23:40:14 +0000  10660 bytes for ./_CodeSignature/CodeResources
copying file ./ar.lproj/LaunchScreen.strings ... 
2021-10-09 23:40:14 +0000  1 bytes for ./ar.lproj/LaunchScreen.strings
2021-10-09 23:40:14 +0000  copying file ./ar.lproj/Localizable.strings ... 
2021-10-09 23:40:14 +0000  15526 bytes for ./ar.lproj/Localizable.strings
2021-10-09 23:40:14 +0000  copying file ./en.lproj/Localizable.strings ... 
2021-10-09 23:40:14 +0000  805 bytes for ./en.lproj/Localizable.strings
copying file ./AppIcon60x60@2x.png ... 
2021-10-09 23:40:14 +0000  8172 bytes for ./AppIcon60x60@2x.png
2021-10-09 23:40:14 +0000  copying file ./Base.lproj/LaunchScreen.storyboardc/01J-lp-oVM-view-Ze5-6b-2t3.nib ... 
2021-10-09 23:40:14 +0000  2480 bytes for ./Base.lproj/LaunchScreen.storyboardc/01J-lp-oVM-view-Ze5-6b-2t3.nib
2021-10-09 23:40:14 +0000  copying file ./Base.lproj/LaunchScreen.storyboardc/UIViewController-01J-lp-oVM.nib ... 
896 bytes for ./Base.lproj/LaunchScreen.storyboardc/UIViewController-01J-lp-oVM.nib
copying file ./Base.lproj/LaunchScreen.storyboardc/Info.plist ... 
2021-10-09 23:40:14 +0000  258 bytes for ./Base.lproj/LaunchScreen.storyboardc/Info.plist
2021-10-09 23:40:14 +0000  copying file ./Assets.car ... 
2021-10-09 23:40:14 +0000  5937296 bytes for ./Assets.car
2021-10-09 23:40:14 +0000  copying file ./AppIcon76x76@2x~ipad.png ... 
2021-10-09 23:40:14 +0000  10843 bytes for ./AppIcon76x76@2x~ipad.png
copying file ./Enjaz ... 
2021-10-09 23:40:14 +0000  18978816 bytes for ./Enjaz
2021-10-09 23:40:14 +0000  copying file ./Frameworks/RealmSwift.framework/_CodeSignature/CodeResources ... 
2021-10-09 23:40:14 +0000  1798 bytes for ./Frameworks/RealmSwift.framework/_CodeSignature/CodeResources
2021-10-09 23:40:14 +0000  copying file ./Frameworks/RealmSwift.framework/RealmSwift ... 
2021-10-09 23:40:14 +0000  7991888 bytes for ./Frameworks/RealmSwift.framework/RealmSwift
2021-10-09 23:40:14 +0000  copying file ./Frameworks/RealmSwift.framework/Info.plist ... 
2021-10-09 23:40:14 +0000  745 bytes for ./Frameworks/RealmSwift.framework/Info.plist
2021-10-09 23:40:14 +0000  copying file ./Frameworks/SwiftKeychainWrapper.framework/_CodeSignature/CodeResources ... 
1798 bytes for ./Frameworks/SwiftKeychainWrapper.framework/_CodeSignature/CodeResources
copying file ./Frameworks/SwiftKeychainWrapper.framework/SwiftKeychainWrapper ... 
2021-10-09 23:40:14 +0000  553296 bytes for ./Frameworks/SwiftKeychainWrapper.framework/SwiftKeychainWrapper
2021-10-09 23:40:14 +0000  copying file ./Frameworks/SwiftKeychainWrapper.framework/Info.plist ... 
2021-10-09 23:40:14 +0000  765 bytes for ./Frameworks/SwiftKeychainWrapper.framework/Info.plist
2021-10-09 23:40:14 +0000  copying file ./Frameworks/ReSwift.framework/_CodeSignature/CodeResources ... 
2021-10-09 23:40:14 +0000  1798 bytes for ./Frameworks/ReSwift.framework/_CodeSignature/CodeResources
2021-10-09 23:40:14 +0000  copying file ./Frameworks/ReSwift.framework/ReSwift ... 
2021-10-09 23:40:14 +0000  652912 bytes for ./Frameworks/ReSwift.framework/ReSwift
2021-10-09 23:40:14 +0000  copying file ./Frameworks/ReSwift.framework/Info.plist ... 
2021-10-09 23:40:14 +0000  737 bytes for ./Frameworks/ReSwift.framework/Info.plist
2021-10-09 23:40:14 +0000  copying file ./Frameworks/SPAlert.framework/_CodeSignature/CodeResources ... 
2021-10-09 23:40:14 +0000  1798 bytes for ./Frameworks/SPAlert.framework/_CodeSignature/CodeResources
2021-10-09 23:40:14 +0000  copying file ./Frameworks/SPAlert.framework/SPAlert ... 
2021-10-09 23:40:14 +0000  639072 bytes for ./Frameworks/SPAlert.framework/SPAlert
2021-10-09 23:40:14 +0000  copying file ./Frameworks/SPAlert.framework/Info.plist ... 
785 bytes for ./Frameworks/SPAlert.framework/Info.plist
copying file ./Frameworks/Realm.framework/_CodeSignature/CodeResources ... 
1798 bytes for ./Frameworks/Realm.framework/_CodeSignature/CodeResources
copying file ./Frameworks/Realm.framework/Info.plist ... 
2021-10-09 23:40:14 +0000  735 bytes for ./Frameworks/Realm.framework/Info.plist
copying file ./Frameworks/Realm.framework/Realm ... 
2021-10-09 23:40:15 +0000  48949488 bytes for ./Frameworks/Realm.framework/Realm
2021-10-09 23:40:15 +0000  copying file ./Frameworks/ShimmerSwift.framework/_CodeSignature/CodeResources ... 
2021-10-09 23:40:15 +0000  1798 bytes for ./Frameworks/ShimmerSwift.framework/_CodeSignature/CodeResources
copying file ./Frameworks/ShimmerSwift.framework/Info.plist ... 
748 bytes for ./Frameworks/ShimmerSwift.framework/Info.plist
copying file ./Frameworks/ShimmerSwift.framework/ShimmerSwift ... 
2021-10-09 23:40:15 +0000  501936 bytes for ./Frameworks/ShimmerSwift.framework/ShimmerSwift
2021-10-09 23:40:15 +0000  copying file ./Frameworks/SideMenu.framework/_CodeSignature/CodeResources ... 
1798 bytes for ./Frameworks/SideMenu.framework/_CodeSignature/CodeResources
copying file ./Frameworks/SideMenu.framework/SideMenu ... 
2021-10-09 23:40:15 +0000  1695296 bytes for ./Frameworks/SideMenu.framework/SideMenu
2021-10-09 23:40:15 +0000  copying file ./Frameworks/SideMenu.framework/Info.plist ... 
2021-10-09 23:40:15 +0000  740 bytes for ./Frameworks/SideMenu.framework/Info.plist
2021-10-09 23:40:15 +0000  copying file ./embedded.mobileprovision ... 
14411 bytes for ./embedded.mobileprovision
copying file ./Info.plist ... 
1841 bytes for ./Info.plist
copying file ./PkgInfo ... 
8 bytes for ./PkgInfo
2021-10-09 23:40:15 +0000  /usr/bin/ditto exited with 0
2021-10-09 23:40:15 +0000  Processing step: IDEDistributionEmbedProfileStep
2021-10-09 23:40:15 +0000  Skipping profile for item: <IDEDistributionItem: 0x7fd354b69a20; bundleID='org.cocoapods.ReSwift', path='<DVTFilePath:0x7fd341fc1c20:'/Users/Abdelrhman/Library/Developer/Xcode/Archives/2021-10-10/Enjaz 10-10-2021, 1.30 AM.xcarchive/Products/Applications/Enjaz.app/Frameworks/ReSwift.framework'>', codeSigningInfo='<_DVTCodeSigningInformation_Path: 0x7fd354b94260; isSigned='1', isAdHocSigned='0', signingCertificate='<DVTSigningCertificate: 0x7fd3355cc290; name='Apple Development: Abdelrhman Elmahdy (GS3YR2MZ84)', hash='2F824359C7E0DB6DAECB0256FD9D70716C3C8FCA', serialNumber='34AC81A7AE1E957FA8CC42B539CAE1A8', certificateKinds='(
    "1.2.840.113635.100.6.1.12",
    "1.2.840.113635.100.6.1.2"
), issueDate='2021-04-25 21:49:41 +0000''>', entitlements='(null)', teamID='878WRHSR2X', identifier='org.cocoapods.ReSwift', executablePath='<DVTFilePath:0x7fd354b8f1d0:'/Users/Abdelrhman/Library/Developer/Xcode/Archives/2021-10-10/Enjaz 10-10-2021, 1.30 AM.xcarchive/Products/Applications/Enjaz.app/Frameworks/ReSwift.framework/ReSwift'>', hardenedRuntime='0'>'>
2021-10-09 23:40:15 +0000  Skipping profile for item: <IDEDistributionItem: 0x7fd3356aa530; bundleID='org.cocoapods.Realm', path='<DVTFilePath:0x7fd341fd9cc0:'/Users/Abdelrhman/Library/Developer/Xcode/Archives/2021-10-10/Enjaz 10-10-2021, 1.30 AM.xcarchive/Products/Applications/Enjaz.app/Frameworks/Realm.framework'>', codeSigningInfo='<_DVTCodeSigningInformation_Path: 0x7fd35681d310; isSigned='1', isAdHocSigned='0', signingCertificate='<DVTSigningCertificate: 0x7fd3355c1b40; name='Apple Development: Abdelrhman Elmahdy (GS3YR2MZ84)', hash='2F824359C7E0DB6DAECB0256FD9D70716C3C8FCA', serialNumber='34AC81A7AE1E957FA8CC42B539CAE1A8', certificateKinds='(
    "1.2.840.113635.100.6.1.12",
    "1.2.840.113635.100.6.1.2"
), issueDate='2021-04-25 21:49:41 +0000''>', entitlements='(null)', teamID='878WRHSR2X', identifier='org.cocoapods.Realm', executablePath='<DVTFilePath:0x7fd32f6e8b20:'/Users/Abdelrhman/Library/Developer/Xcode/Archives/2021-10-10/Enjaz 10-10-2021, 1.30 AM.xcarchive/Products/Applications/Enjaz.app/Frameworks/Realm.framework/Realm'>', hardenedRuntime='0'>'>
2021-10-09 23:40:15 +0000  Skipping profile for item: <IDEDistributionItem: 0x7fd3583bf5f0; bundleID='org.cocoapods.RealmSwift', path='<DVTFilePath:0x7fd341fda720:'/Users/Abdelrhman/Library/Developer/Xcode/Archives/2021-10-10/Enjaz 10-10-2021, 1.30 AM.xcarchive/Products/Applications/Enjaz.app/Frameworks/RealmSwift.framework'>', codeSigningInfo='<_DVTCodeSigningInformation_Path: 0x7fd355935680; isSigned='1', isAdHocSigned='0', signingCertificate='<DVTSigningCertificate: 0x7fd3599a17f0; name='Apple Development: Abdelrhman Elmahdy (GS3YR2MZ84)', hash='2F824359C7E0DB6DAECB0256FD9D70716C3C8FCA', serialNumber='34AC81A7AE1E957FA8CC42B539CAE1A8', certificateKinds='(
    "1.2.840.113635.100.6.1.12",
    "1.2.840.113635.100.6.1.2"
), issueDate='2021-04-25 21:49:41 +0000''>', entitlements='(null)', teamID='878WRHSR2X', identifier='org.cocoapods.RealmSwift', executablePath='<DVTFilePath:0x7fd3401e81c0:'/Users/Abdelrhman/Library/Developer/Xcode/Archives/2021-10-10/Enjaz 10-10-2021, 1.30 AM.xcarchive/Products/Applications/Enjaz.app/Frameworks/RealmSwift.framework/RealmSwift'>', hardenedRuntime='0'>'>
2021-10-09 23:40:15 +0000  Skipping profile for item: <IDEDistributionItem: 0x7fd342178940; bundleID='org.cocoapods.SPAlert', path='<DVTFilePath:0x7fd341fcd110:'/Users/Abdelrhman/Library/Developer/Xcode/Archives/2021-10-10/Enjaz 10-10-2021, 1.30 AM.xcarchive/Products/Applications/Enjaz.app/Frameworks/SPAlert.framework'>', codeSigningInfo='<_DVTCodeSigningInformation_Path: 0x7fd354ba0230; isSigned='1', isAdHocSigned='0', signingCertificate='<DVTSigningCertificate: 0x7fd3355cc290; name='Apple Development: Abdelrhman Elmahdy (GS3YR2MZ84)', hash='2F824359C7E0DB6DAECB0256FD9D70716C3C8FCA', serialNumber='34AC81A7AE1E957FA8CC42B539CAE1A8', certificateKinds='(
    "1.2.840.113635.100.6.1.12",
    "1.2.840.113635.100.6.1.2"
), issueDate='2021-04-25 21:49:41 +0000''>', entitlements='(null)', teamID='878WRHSR2X', identifier='org.cocoapods.SPAlert', executablePath='<DVTFilePath:0x7fd341fce6d0:'/Users/Abdelrhman/Library/Developer/Xcode/Archives/2021-10-10/Enjaz 10-10-2021, 1.30 AM.xcarchive/Products/Applications/Enjaz.app/Frameworks/SPAlert.framework/SPAlert'>', hardenedRuntime='0'>'>
2021-10-09 23:40:15 +0000  Skipping profile for item: <IDEDistributionItem: 0x7fd335687ce0; bundleID='org.cocoapods.ShimmerSwift', path='<DVTFilePath:0x7fd32d09f920:'/Users/Abdelrhman/Library/Developer/Xcode/Archives/2021-10-10/Enjaz 10-10-2021, 1.30 AM.xcarchive/Products/Applications/Enjaz.app/Frameworks/ShimmerSwift.framework'>', codeSigningInfo='<_DVTCodeSigningInformation_Path: 0x7fd3313d7eb0; isSigned='1', isAdHocSigned='0', signingCertificate='<DVTSigningCertificate: 0x7fd344d6d980; name='Apple Development: Abdelrhman Elmahdy (GS3YR2MZ84)', hash='2F824359C7E0DB6DAECB0256FD9D70716C3C8FCA', serialNumber='34AC81A7AE1E957FA8CC42B539CAE1A8', certificateKinds='(
    "1.2.840.113635.100.6.1.12",
    "1.2.840.113635.100.6.1.2"
), issueDate='2021-04-25 21:49:41 +0000''>', entitlements='(null)', teamID='878WRHSR2X', identifier='org.cocoapods.ShimmerSwift', executablePath='<DVTFilePath:0x7fd33567e750:'/Users/Abdelrhman/Library/Developer/Xcode/Archives/2021-10-10/Enjaz 10-10-2021, 1.30 AM.xcarchive/Products/Applications/Enjaz.app/Frameworks/ShimmerSwift.framework/ShimmerSwift'>', hardenedRuntime='0'>'>
2021-10-09 23:40:15 +0000  Skipping profile for item: <IDEDistributionItem: 0x7fd3421de2e0; bundleID='org.cocoapods.SideMenu', path='<DVTFilePath:0x7fd341fdf3f0:'/Users/Abdelrhman/Library/Developer/Xcode/Archives/2021-10-10/Enjaz 10-10-2021, 1.30 AM.xcarchive/Products/Applications/Enjaz.app/Frameworks/SideMenu.framework'>', codeSigningInfo='<_DVTCodeSigningInformation_Path: 0x7fd354b95280; isSigned='1', isAdHocSigned='0', signingCertificate='<DVTSigningCertificate: 0x7fd33139b640; name='Apple Development: Abdelrhman Elmahdy (GS3YR2MZ84)', hash='2F824359C7E0DB6DAECB0256FD9D70716C3C8FCA', serialNumber='34AC81A7AE1E957FA8CC42B539CAE1A8', certificateKinds='(
    "1.2.840.113635.100.6.1.12",
    "1.2.840.113635.100.6.1.2"
), issueDate='2021-04-25 21:49:41 +0000''>', entitlements='(null)', teamID='878WRHSR2X', identifier='org.cocoapods.SideMenu', executablePath='<DVTFilePath:0x7fd3421e9000:'/Users/Abdelrhman/Library/Developer/Xcode/Archives/2021-10-10/Enjaz 10-10-2021, 1.30 AM.xcarchive/Products/Applications/Enjaz.app/Frameworks/SideMenu.framework/SideMenu'>', hardenedRuntime='0'>'>
2021-10-09 23:40:15 +0000  Skipping profile for item: <IDEDistributionItem: 0x7fd3313d7d30; bundleID='org.cocoapods.SwiftKeychainWrapper', path='<DVTFilePath:0x7fd341fcf7f0:'/Users/Abdelrhman/Library/Developer/Xcode/Archives/2021-10-10/Enjaz 10-10-2021, 1.30 AM.xcarchive/Products/Applications/Enjaz.app/Frameworks/SwiftKeychainWrapper.framework'>', codeSigningInfo='<_DVTCodeSigningInformation_Path: 0x7fd33568ed00; isSigned='1', isAdHocSigned='0', signingCertificate='<DVTSigningCertificate: 0x7fd3599fe360; name='Apple Development: Abdelrhman Elmahdy (GS3YR2MZ84)', hash='2F824359C7E0DB6DAECB0256FD9D70716C3C8FCA', serialNumber='34AC81A7AE1E957FA8CC42B539CAE1A8', certificateKinds='(
    "1.2.840.113635.100.6.1.12",
    "1.2.840.113635.100.6.1.2"
), issueDate='2021-04-25 21:49:41 +0000''>', entitlements='(null)', teamID='878WRHSR2X', identifier='org.cocoapods.SwiftKeychainWrapper', executablePath='<DVTFilePath:0x7fd32db19b20:'/Users/Abdelrhman/Library/Developer/Xcode/Archives/2021-10-10/Enjaz 10-10-2021, 1.30 AM.xcarchive/Products/Applications/Enjaz.app/Frameworks/SwiftKeychainWrapper.framework/SwiftKeychainWrapper'>', hardenedRuntime='0'>'>
2021-10-09 23:40:15 +0000  Processing step: IDEDistributionInfoPlistStep
2021-10-09 23:40:15 +0000  Skipping step: IDEDistributionInfoPlistStep because it said so
2021-10-09 23:40:15 +0000  Skipping step: IDEDistributionInfoPlistStep because it said so
2021-10-09 23:40:15 +0000  Skipping step: IDEDistributionInfoPlistStep because it said so
2021-10-09 23:40:15 +0000  Skipping step: IDEDistributionInfoPlistStep because it said so
2021-10-09 23:40:15 +0000  Skipping step: IDEDistributionInfoPlistStep because it said so
2021-10-09 23:40:15 +0000  Skipping step: IDEDistributionInfoPlistStep because it said so
2021-10-09 23:40:15 +0000  Skipping step: IDEDistributionInfoPlistStep because it said so
2021-10-09 23:40:15 +0000  Skipping step: IDEDistributionInfoPlistStep because it said so
2021-10-09 23:40:15 +0000  Processing step: IDEDistributionAppThinningPlistStep
2021-10-09 23:40:15 +0000  Skipping step: IDEDistributionAppThinningPlistStep because it said so
2021-10-09 23:40:15 +0000  Processing step: IDEDistributionCompileBitcodeStep
2021-10-09 23:40:15 +0000  Skipping step: IDEDistributionCompileBitcodeStep because it said so
2021-10-09 23:40:15 +0000  Processing step: IDEDistributionCodeSlimmingStep
2021-10-09 23:40:15 +0000  Running /Applications/Xcode.app/Contents/Developer/Toolchains/XcodeDefault.xctoolchain/usr/bin/bitcode_strip '/var/folders/nj/y2wbn0k928g09qd_dcmd6h2h0000gn/T/XcodeDistPipeline.~~~41e4JM/Root/Payload/Enjaz.app/Frameworks/ReSwift.framework/ReSwift' '-r' '-keep_cs' '-o' '/var/folders/nj/y2wbn0k928g09qd_dcmd6h2h0000gn/T/XcodeDistPipeline.~~~41e4JM/Root/Payload/Enjaz.app/Frameworks/ReSwift.framework/ReSwift'
2021-10-09 23:40:15 +0000  /Applications/Xcode.app/Contents/Developer/Toolchains/XcodeDefault.xctoolchain/usr/bin/bitcode_strip exited with 0
2021-10-09 23:40:15 +0000  Running /Applications/Xcode.app/Contents/Developer/Toolchains/XcodeDefault.xctoolchain/usr/bin/bitcode_strip '/var/folders/nj/y2wbn0k928g09qd_dcmd6h2h0000gn/T/XcodeDistPipeline.~~~41e4JM/Root/Payload/Enjaz.app/Frameworks/Realm.framework/Realm' '-r' '-keep_cs' '-o' '/var/folders/nj/y2wbn0k928g09qd_dcmd6h2h0000gn/T/XcodeDistPipeline.~~~41e4JM/Root/Payload/Enjaz.app/Frameworks/Realm.framework/Realm'
2021-10-09 23:40:16 +0000  /Applications/Xcode.app/Contents/Developer/Toolchains/XcodeDefault.xctoolchain/usr/bin/bitcode_strip exited with 0
2021-10-09 23:40:16 +0000  Running /Applications/Xcode.app/Contents/Developer/Toolchains/XcodeDefault.xctoolchain/usr/bin/bitcode_strip '/var/folders/nj/y2wbn0k928g09qd_dcmd6h2h0000gn/T/XcodeDistPipeline.~~~41e4JM/Root/Payload/Enjaz.app/Frameworks/RealmSwift.framework/RealmSwift' '-r' '-keep_cs' '-o' '/var/folders/nj/y2wbn0k928g09qd_dcmd6h2h0000gn/T/XcodeDistPipeline.~~~41e4JM/Root/Payload/Enjaz.app/Frameworks/RealmSwift.framework/RealmSwift'
2021-10-09 23:40:16 +0000  /Applications/Xcode.app/Contents/Developer/Toolchains/XcodeDefault.xctoolchain/usr/bin/bitcode_strip exited with 0
2021-10-09 23:40:16 +0000  Running /Applications/Xcode.app/Contents/Developer/Toolchains/XcodeDefault.xctoolchain/usr/bin/bitcode_strip '/var/folders/nj/y2wbn0k928g09qd_dcmd6h2h0000gn/T/XcodeDistPipeline.~~~41e4JM/Root/Payload/Enjaz.app/Frameworks/SPAlert.framework/SPAlert' '-r' '-keep_cs' '-o' '/var/folders/nj/y2wbn0k928g09qd_dcmd6h2h0000gn/T/XcodeDistPipeline.~~~41e4JM/Root/Payload/Enjaz.app/Frameworks/SPAlert.framework/SPAlert'
2021-10-09 23:40:16 +0000  /Applications/Xcode.app/Contents/Developer/Toolchains/XcodeDefault.xctoolchain/usr/bin/bitcode_strip exited with 0
2021-10-09 23:40:16 +0000  Running /Applications/Xcode.app/Contents/Developer/Toolchains/XcodeDefault.xctoolchain/usr/bin/bitcode_strip '/var/folders/nj/y2wbn0k928g09qd_dcmd6h2h0000gn/T/XcodeDistPipeline.~~~41e4JM/Root/Payload/Enjaz.app/Frameworks/ShimmerSwift.framework/ShimmerSwift' '-r' '-keep_cs' '-o' '/var/folders/nj/y2wbn0k928g09qd_dcmd6h2h0000gn/T/XcodeDistPipeline.~~~41e4JM/Root/Payload/Enjaz.app/Frameworks/ShimmerSwift.framework/ShimmerSwift'
2021-10-09 23:40:16 +0000  /Applications/Xcode.app/Contents/Developer/Toolchains/XcodeDefault.xctoolchain/usr/bin/bitcode_strip exited with 0
2021-10-09 23:40:16 +0000  Running /Applications/Xcode.app/Contents/Developer/Toolchains/XcodeDefault.xctoolchain/usr/bin/bitcode_strip '/var/folders/nj/y2wbn0k928g09qd_dcmd6h2h0000gn/T/XcodeDistPipeline.~~~41e4JM/Root/Payload/Enjaz.app/Frameworks/SideMenu.framework/SideMenu' '-r' '-keep_cs' '-o' '/var/folders/nj/y2wbn0k928g09qd_dcmd6h2h0000gn/T/XcodeDistPipeline.~~~41e4JM/Root/Payload/Enjaz.app/Frameworks/SideMenu.framework/SideMenu'
2021-10-09 23:40:16 +0000  /Applications/Xcode.app/Contents/Developer/Toolchains/XcodeDefault.xctoolchain/usr/bin/bitcode_strip exited with 0
2021-10-09 23:40:16 +0000  Running /Applications/Xcode.app/Contents/Developer/Toolchains/XcodeDefault.xctoolchain/usr/bin/bitcode_strip '/var/folders/nj/y2wbn0k928g09qd_dcmd6h2h0000gn/T/XcodeDistPipeline.~~~41e4JM/Root/Payload/Enjaz.app/Frameworks/SwiftKeychainWrapper.framework/SwiftKeychainWrapper' '-r' '-keep_cs' '-o' '/var/folders/nj/y2wbn0k928g09qd_dcmd6h2h0000gn/T/XcodeDistPipeline.~~~41e4JM/Root/Payload/Enjaz.app/Frameworks/SwiftKeychainWrapper.framework/SwiftKeychainWrapper'
2021-10-09 23:40:16 +0000  /Applications/Xcode.app/Contents/Developer/Toolchains/XcodeDefault.xctoolchain/usr/bin/bitcode_strip exited with 0
2021-10-09 23:40:16 +0000  Running /Applications/Xcode.app/Contents/Developer/Toolchains/XcodeDefault.xctoolchain/usr/bin/bitcode_strip '/var/folders/nj/y2wbn0k928g09qd_dcmd6h2h0000gn/T/XcodeDistPipeline.~~~41e4JM/Root/Payload/Enjaz.app/Enjaz' '-r' '-keep_cs' '-o' '/var/folders/nj/y2wbn0k928g09qd_dcmd6h2h0000gn/T/XcodeDistPipeline.~~~41e4JM/Root/Payload/Enjaz.app/Enjaz'
2021-10-09 23:40:16 +0000  /Applications/Xcode.app/Contents/Developer/Toolchains/XcodeDefault.xctoolchain/usr/bin/bitcode_strip exited with 0
2021-10-09 23:40:16 +0000  Processing step: IDEDistributionCopyBCSymbolMapsStep
2021-10-09 23:40:16 +0000  Skipping step: IDEDistributionCopyBCSymbolMapsStep because it said so
2021-10-09 23:40:16 +0000  Skipping step: IDEDistributionCopyBCSymbolMapsStep because it said so
2021-10-09 23:40:16 +0000  Skipping step: IDEDistributionCopyBCSymbolMapsStep because it said so
2021-10-09 23:40:16 +0000  Skipping step: IDEDistributionCopyBCSymbolMapsStep because it said so
2021-10-09 23:40:16 +0000  Skipping step: IDEDistributionCopyBCSymbolMapsStep because it said so
2021-10-09 23:40:16 +0000  Skipping step: IDEDistributionCopyBCSymbolMapsStep because it said so
2021-10-09 23:40:16 +0000  Skipping step: IDEDistributionCopyBCSymbolMapsStep because it said so
2021-10-09 23:40:16 +0000  Skipping step: IDEDistributionCopyBCSymbolMapsStep because it said so
2021-10-09 23:40:16 +0000  Processing step: IDEDistributionSymbolsStep
2021-10-09 23:40:16 +0000  Skipping step: IDEDistributionSymbolsStep because it said so
2021-10-09 23:40:16 +0000  Skipping step: IDEDistributionSymbolsStep because it said so
2021-10-09 23:40:16 +0000  Skipping step: IDEDistributionSymbolsStep because it said so
2021-10-09 23:40:16 +0000  Skipping step: IDEDistributionSymbolsStep because it said so
2021-10-09 23:40:16 +0000  Skipping step: IDEDistributionSymbolsStep because it said so
2021-10-09 23:40:16 +0000  Skipping step: IDEDistributionSymbolsStep because it said so
2021-10-09 23:40:16 +0000  Skipping step: IDEDistributionSymbolsStep because it said so
2021-10-09 23:40:16 +0000  Skipping step: IDEDistributionSymbolsStep because it said so
2021-10-09 23:40:16 +0000  Processing step: IDEDistributionAppThinningStep
2021-10-09 23:40:16 +0000  Skipping step: IDEDistributionAppThinningStep because it said so
2021-10-09 23:40:16 +0000  Processing step: IDEDistributionArchThinningStep
2021-10-09 23:40:16 +0000  Running /Applications/Xcode.app/Contents/Developer/Toolchains/XcodeDefault.xctoolchain/usr/bin/lipo '/var/folders/nj/y2wbn0k928g09qd_dcmd6h2h0000gn/T/XcodeDistPipeline.~~~41e4JM/Root/Payload/Enjaz.app/Frameworks/ReSwift.framework/ReSwift' '-verify_arch' 'arm64e'
2021-10-09 23:40:16 +0000  /Applications/Xcode.app/Contents/Developer/Toolchains/XcodeDefault.xctoolchain/usr/bin/lipo exited with 1
2021-10-09 23:40:16 +0000  Skipping architecture thinning for item "ReSwift" because arch "arm64e" wasn't found
2021-10-09 23:40:16 +0000  Running /Applications/Xcode.app/Contents/Developer/Toolchains/XcodeDefault.xctoolchain/usr/bin/lipo '/var/folders/nj/y2wbn0k928g09qd_dcmd6h2h0000gn/T/XcodeDistPipeline.~~~41e4JM/Root/Payload/Enjaz.app/Frameworks/Realm.framework/Realm' '-verify_arch' 'arm64e'
2021-10-09 23:40:16 +0000  /Applications/Xcode.app/Contents/Developer/Toolchains/XcodeDefault.xctoolchain/usr/bin/lipo exited with 1
2021-10-09 23:40:16 +0000  Skipping architecture thinning for item "Realm" because arch "arm64e" wasn't found
2021-10-09 23:40:16 +0000  Running /Applications/Xcode.app/Contents/Developer/Toolchains/XcodeDefault.xctoolchain/usr/bin/lipo '/var/folders/nj/y2wbn0k928g09qd_dcmd6h2h0000gn/T/XcodeDistPipeline.~~~41e4JM/Root/Payload/Enjaz.app/Frameworks/RealmSwift.framework/RealmSwift' '-verify_arch' 'arm64e'
2021-10-09 23:40:16 +0000  /Applications/Xcode.app/Contents/Developer/Toolchains/XcodeDefault.xctoolchain/usr/bin/lipo exited with 1
2021-10-09 23:40:16 +0000  Skipping architecture thinning for item "RealmSwift" because arch "arm64e" wasn't found
2021-10-09 23:40:16 +0000  Running /Applications/Xcode.app/Contents/Developer/Toolchains/XcodeDefault.xctoolchain/usr/bin/lipo '/var/folders/nj/y2wbn0k928g09qd_dcmd6h2h0000gn/T/XcodeDistPipeline.~~~41e4JM/Root/Payload/Enjaz.app/Frameworks/SPAlert.framework/SPAlert' '-verify_arch' 'arm64e'
2021-10-09 23:40:16 +0000  /Applications/Xcode.app/Contents/Developer/Toolchains/XcodeDefault.xctoolchain/usr/bin/lipo exited with 1
2021-10-09 23:40:16 +0000  Skipping architecture thinning for item "SPAlert" because arch "arm64e" wasn't found
2021-10-09 23:40:16 +0000  Running /Applications/Xcode.app/Contents/Developer/Toolchains/XcodeDefault.xctoolchain/usr/bin/lipo '/var/folders/nj/y2wbn0k928g09qd_dcmd6h2h0000gn/T/XcodeDistPipeline.~~~41e4JM/Root/Payload/Enjaz.app/Frameworks/ShimmerSwift.framework/ShimmerSwift' '-verify_arch' 'arm64e'
2021-10-09 23:40:16 +0000  /Applications/Xcode.app/Contents/Developer/Toolchains/XcodeDefault.xctoolchain/usr/bin/lipo exited with 1
2021-10-09 23:40:16 +0000  Skipping architecture thinning for item "ShimmerSwift" because arch "arm64e" wasn't found
2021-10-09 23:40:16 +0000  Running /Applications/Xcode.app/Contents/Developer/Toolchains/XcodeDefault.xctoolchain/usr/bin/lipo '/var/folders/nj/y2wbn0k928g09qd_dcmd6h2h0000gn/T/XcodeDistPipeline.~~~41e4JM/Root/Payload/Enjaz.app/Frameworks/SideMenu.framework/SideMenu' '-verify_arch' 'arm64e'
2021-10-09 23:40:16 +0000  /Applications/Xcode.app/Contents/Developer/Toolchains/XcodeDefault.xctoolchain/usr/bin/lipo exited with 1
2021-10-09 23:40:16 +0000  Skipping architecture thinning for item "SideMenu" because arch "arm64e" wasn't found
2021-10-09 23:40:16 +0000  Running /Applications/Xcode.app/Contents/Developer/Toolchains/XcodeDefault.xctoolchain/usr/bin/lipo '/var/folders/nj/y2wbn0k928g09qd_dcmd6h2h0000gn/T/XcodeDistPipeline.~~~41e4JM/Root/Payload/Enjaz.app/Frameworks/SwiftKeychainWrapper.framework/SwiftKeychainWrapper' '-verify_arch' 'arm64e'
2021-10-09 23:40:16 +0000  /Applications/Xcode.app/Contents/Developer/Toolchains/XcodeDefault.xctoolchain/usr/bin/lipo exited with 1
2021-10-09 23:40:16 +0000  Skipping architecture thinning for item "SwiftKeychainWrapper" because arch "arm64e" wasn't found
2021-10-09 23:40:16 +0000  Running /Applications/Xcode.app/Contents/Developer/Toolchains/XcodeDefault.xctoolchain/usr/bin/lipo '/var/folders/nj/y2wbn0k928g09qd_dcmd6h2h0000gn/T/XcodeDistPipeline.~~~41e4JM/Root/Payload/Enjaz.app/Enjaz' '-verify_arch' 'arm64e'
2021-10-09 23:40:16 +0000  /Applications/Xcode.app/Contents/Developer/Toolchains/XcodeDefault.xctoolchain/usr/bin/lipo exited with 1
2021-10-09 23:40:16 +0000  Skipping architecture thinning for item "Enjaz" because arch "arm64e" wasn't found
2021-10-09 23:40:16 +0000  Processing step: IDEDistributionODRStep
2021-10-09 23:40:16 +0000  Processing step: IDEDistributionStripXattrsStep
2021-10-09 23:40:16 +0000  Skipping stripping extended attributes of item: <IDEDistributionItem: 0x7fd354b69a20; bundleID='org.cocoapods.ReSwift', path='<DVTFilePath:0x7fd341fc1c20:'/Users/Abdelrhman/Library/Developer/Xcode/Archives/2021-10-10/Enjaz 10-10-2021, 1.30 AM.xcarchive/Products/Applications/Enjaz.app/Frameworks/ReSwift.framework'>', codeSigningInfo='<_DVTCodeSigningInformation_Path: 0x7fd354b94260; isSigned='1', isAdHocSigned='0', signingCertificate='<DVTSigningCertificate: 0x7fd3567cd7f0; name='Apple Development: Abdelrhman Elmahdy (GS3YR2MZ84)', hash='2F824359C7E0DB6DAECB0256FD9D70716C3C8FCA', serialNumber='34AC81A7AE1E957FA8CC42B539CAE1A8', certificateKinds='(
    "1.2.840.113635.100.6.1.12",
    "1.2.840.113635.100.6.1.2"
), issueDate='2021-04-25 21:49:41 +0000''>', entitlements='(null)', teamID='878WRHSR2X', identifier='org.cocoapods.ReSwift', executablePath='<DVTFilePath:0x7fd354b8f1d0:'/Users/Abdelrhman/Library/Developer/Xcode/Archives/2021-10-10/Enjaz 10-10-2021, 1.30 AM.xcarchive/Products/Applications/Enjaz.app/Frameworks/ReSwift.framework/ReSwift'>', hardenedRuntime='0'>'>
2021-10-09 23:40:16 +0000  Skipping stripping extended attributes of item: <IDEDistributionItem: 0x7fd3356aa530; bundleID='org.cocoapods.Realm', path='<DVTFilePath:0x7fd341fd9cc0:'/Users/Abdelrhman/Library/Developer/Xcode/Archives/2021-10-10/Enjaz 10-10-2021, 1.30 AM.xcarchive/Products/Applications/Enjaz.app/Frameworks/Realm.framework'>', codeSigningInfo='<_DVTCodeSigningInformation_Path: 0x7fd35681d310; isSigned='1', isAdHocSigned='0', signingCertificate='<DVTSigningCertificate: 0x7fd3599a28f0; name='Apple Development: Abdelrhman Elmahdy (GS3YR2MZ84)', hash='2F824359C7E0DB6DAECB0256FD9D70716C3C8FCA', serialNumber='34AC81A7AE1E957FA8CC42B539CAE1A8', certificateKinds='(
    "1.2.840.113635.100.6.1.12",
    "1.2.840.113635.100.6.1.2"
), issueDate='2021-04-25 21:49:41 +0000''>', entitlements='(null)', teamID='878WRHSR2X', identifier='org.cocoapods.Realm', executablePath='<DVTFilePath:0x7fd32f6e8b20:'/Users/Abdelrhman/Library/Developer/Xcode/Archives/2021-10-10/Enjaz 10-10-2021, 1.30 AM.xcarchive/Products/Applications/Enjaz.app/Frameworks/Realm.framework/Realm'>', hardenedRuntime='0'>'>
2021-10-09 23:40:16 +0000  Skipping stripping extended attributes of item: <IDEDistributionItem: 0x7fd3583bf5f0; bundleID='org.cocoapods.RealmSwift', path='<DVTFilePath:0x7fd341fda720:'/Users/Abdelrhman/Library/Developer/Xcode/Archives/2021-10-10/Enjaz 10-10-2021, 1.30 AM.xcarchive/Products/Applications/Enjaz.app/Frameworks/RealmSwift.framework'>', codeSigningInfo='<_DVTCodeSigningInformation_Path: 0x7fd355935680; isSigned='1', isAdHocSigned='0', signingCertificate='<DVTSigningCertificate: 0x7fd3356d3510; name='Apple Development: Abdelrhman Elmahdy (GS3YR2MZ84)', hash='2F824359C7E0DB6DAECB0256FD9D70716C3C8FCA', serialNumber='34AC81A7AE1E957FA8CC42B539CAE1A8', certificateKinds='(
    "1.2.840.113635.100.6.1.12",
    "1.2.840.113635.100.6.1.2"
), issueDate='2021-04-25 21:49:41 +0000''>', entitlements='(null)', teamID='878WRHSR2X', identifier='org.cocoapods.RealmSwift', executablePath='<DVTFilePath:0x7fd3401e81c0:'/Users/Abdelrhman/Library/Developer/Xcode/Archives/2021-10-10/Enjaz 10-10-2021, 1.30 AM.xcarchive/Products/Applications/Enjaz.app/Frameworks/RealmSwift.framework/RealmSwift'>', hardenedRuntime='0'>'>
2021-10-09 23:40:16 +0000  Skipping stripping extended attributes of item: <IDEDistributionItem: 0x7fd342178940; bundleID='org.cocoapods.SPAlert', path='<DVTFilePath:0x7fd341fcd110:'/Users/Abdelrhman/Library/Developer/Xcode/Archives/2021-10-10/Enjaz 10-10-2021, 1.30 AM.xcarchive/Products/Applications/Enjaz.app/Frameworks/SPAlert.framework'>', codeSigningInfo='<_DVTCodeSigningInformation_Path: 0x7fd354ba0230; isSigned='1', isAdHocSigned='0', signingCertificate='<DVTSigningCertificate: 0x7fd33edbb1f0; name='Apple Development: Abdelrhman Elmahdy (GS3YR2MZ84)', hash='2F824359C7E0DB6DAECB0256FD9D70716C3C8FCA', serialNumber='34AC81A7AE1E957FA8CC42B539CAE1A8', certificateKinds='(
    "1.2.840.113635.100.6.1.12",
    "1.2.840.113635.100.6.1.2"
), issueDate='2021-04-25 21:49:41 +0000''>', entitlements='(null)', teamID='878WRHSR2X', identifier='org.cocoapods.SPAlert', executablePath='<DVTFilePath:0x7fd341fce6d0:'/Users/Abdelrhman/Library/Developer/Xcode/Archives/2021-10-10/Enjaz 10-10-2021, 1.30 AM.xcarchive/Products/Applications/Enjaz.app/Frameworks/SPAlert.framework/SPAlert'>', hardenedRuntime='0'>'>
2021-10-09 23:40:16 +0000  Skipping stripping extended attributes of item: <IDEDistributionItem: 0x7fd335687ce0; bundleID='org.cocoapods.ShimmerSwift', path='<DVTFilePath:0x7fd32d09f920:'/Users/Abdelrhman/Library/Developer/Xcode/Archives/2021-10-10/Enjaz 10-10-2021, 1.30 AM.xcarchive/Products/Applications/Enjaz.app/Frameworks/ShimmerSwift.framework'>', codeSigningInfo='<_DVTCodeSigningInformation_Path: 0x7fd3313d7eb0; isSigned='1', isAdHocSigned='0', signingCertificate='<DVTSigningCertificate: 0x7fd33edbb1f0; name='Apple Development: Abdelrhman Elmahdy (GS3YR2MZ84)', hash='2F824359C7E0DB6DAECB0256FD9D70716C3C8FCA', serialNumber='34AC81A7AE1E957FA8CC42B539CAE1A8', certificateKinds='(
    "1.2.840.113635.100.6.1.12",
    "1.2.840.113635.100.6.1.2"
), issueDate='2021-04-25 21:49:41 +0000''>', entitlements='(null)', teamID='878WRHSR2X', identifier='org.cocoapods.ShimmerSwift', executablePath='<DVTFilePath:0x7fd33567e750:'/Users/Abdelrhman/Library/Developer/Xcode/Archives/2021-10-10/Enjaz 10-10-2021, 1.30 AM.xcarchive/Products/Applications/Enjaz.app/Frameworks/ShimmerSwift.framework/ShimmerSwift'>', hardenedRuntime='0'>'>
2021-10-09 23:40:16 +0000  Skipping stripping extended attributes of item: <IDEDistributionItem: 0x7fd3421de2e0; bundleID='org.cocoapods.SideMenu', path='<DVTFilePath:0x7fd341fdf3f0:'/Users/Abdelrhman/Library/Developer/Xcode/Archives/2021-10-10/Enjaz 10-10-2021, 1.30 AM.xcarchive/Products/Applications/Enjaz.app/Frameworks/SideMenu.framework'>', codeSigningInfo='<_DVTCodeSigningInformation_Path: 0x7fd354b95280; isSigned='1', isAdHocSigned='0', signingCertificate='<DVTSigningCertificate: 0x7fd354b68ec0; name='Apple Development: Abdelrhman Elmahdy (GS3YR2MZ84)', hash='2F824359C7E0DB6DAECB0256FD9D70716C3C8FCA', serialNumber='34AC81A7AE1E957FA8CC42B539CAE1A8', certificateKinds='(
    "1.2.840.113635.100.6.1.12",
    "1.2.840.113635.100.6.1.2"
), issueDate='2021-04-25 21:49:41 +0000''>', entitlements='(null)', teamID='878WRHSR2X', identifier='org.cocoapods.SideMenu', executablePath='<DVTFilePath:0x7fd3421e9000:'/Users/Abdelrhman/Library/Developer/Xcode/Archives/2021-10-10/Enjaz 10-10-2021, 1.30 AM.xcarchive/Products/Applications/Enjaz.app/Frameworks/SideMenu.framework/SideMenu'>', hardenedRuntime='0'>'>
2021-10-09 23:40:16 +0000  Skipping stripping extended attributes of item: <IDEDistributionItem: 0x7fd3313d7d30; bundleID='org.cocoapods.SwiftKeychainWrapper', path='<DVTFilePath:0x7fd341fcf7f0:'/Users/Abdelrhman/Library/Developer/Xcode/Archives/2021-10-10/Enjaz 10-10-2021, 1.30 AM.xcarchive/Products/Applications/Enjaz.app/Frameworks/SwiftKeychainWrapper.framework'>', codeSigningInfo='<_DVTCodeSigningInformation_Path: 0x7fd33568ed00; isSigned='1', isAdHocSigned='0', signingCertificate='<DVTSigningCertificate: 0x7fd344d6bde0; name='Apple Development: Abdelrhman Elmahdy (GS3YR2MZ84)', hash='2F824359C7E0DB6DAECB0256FD9D70716C3C8FCA', serialNumber='34AC81A7AE1E957FA8CC42B539CAE1A8', certificateKinds='(
    "1.2.840.113635.100.6.1.12",
    "1.2.840.113635.100.6.1.2"
), issueDate='2021-04-25 21:49:41 +0000''>', entitlements='(null)', teamID='878WRHSR2X', identifier='org.cocoapods.SwiftKeychainWrapper', executablePath='<DVTFilePath:0x7fd32db19b20:'/Users/Abdelrhman/Library/Developer/Xcode/Archives/2021-10-10/Enjaz 10-10-2021, 1.30 AM.xcarchive/Products/Applications/Enjaz.app/Frameworks/SwiftKeychainWrapper.framework/SwiftKeychainWrapper'>', hardenedRuntime='0'>'>
2021-10-09 23:40:16 +0000  Running /usr/bin/xattr '-crs' '/var/folders/nj/y2wbn0k928g09qd_dcmd6h2h0000gn/T/XcodeDistPipeline.~~~41e4JM/Root/Payload/Enjaz.app'
2021-10-09 23:40:18 +0000  /usr/bin/xattr exited with 0
2021-10-09 23:40:18 +0000  Processing step: IDEDistributionCodesignStep
2021-10-09 23:40:18 +0000  Entitlements for <IDEDistributionItem: 0x7fd354b69a20; bundleID='org.cocoapods.ReSwift', path='<DVTFilePath:0x7fd341fc1c20:'/Users/Abdelrhman/Library/Developer/Xcode/Archives/2021-10-10/Enjaz 10-10-2021, 1.30 AM.xcarchive/Products/Applications/Enjaz.app/Frameworks/ReSwift.framework'>', codeSigningInfo='<_DVTCodeSigningInformation_Path: 0x7fd354b94260; isSigned='1', isAdHocSigned='0', signingCertificate='<DVTSigningCertificate: 0x7fd3356d4a10; name='Apple Development: Abdelrhman Elmahdy (GS3YR2MZ84)', hash='2F824359C7E0DB6DAECB0256FD9D70716C3C8FCA', serialNumber='34AC81A7AE1E957FA8CC42B539CAE1A8', certificateKinds='(
    "1.2.840.113635.100.6.1.12",
    "1.2.840.113635.100.6.1.2"
), issueDate='2021-04-25 21:49:41 +0000''>', entitlements='(null)', teamID='878WRHSR2X', identifier='org.cocoapods.ReSwift', executablePath='<DVTFilePath:0x7fd354b8f1d0:'/Users/Abdelrhman/Library/Developer/Xcode/Archives/2021-10-10/Enjaz 10-10-2021, 1.30 AM.xcarchive/Products/Applications/Enjaz.app/Frameworks/ReSwift.framework/ReSwift'>', hardenedRuntime='0'>'>: {
}
2021-10-09 23:40:18 +0000  Entitlements for <IDEDistributionItem: 0x7fd354b69a20; bundleID='org.cocoapods.ReSwift', path='<DVTFilePath:0x7fd341fc1c20:'/Users/Abdelrhman/Library/Developer/Xcode/Archives/2021-10-10/Enjaz 10-10-2021, 1.30 AM.xcarchive/Products/Applications/Enjaz.app/Frameworks/ReSwift.framework'>', codeSigningInfo='<_DVTCodeSigningInformation_Path: 0x7fd354b94260; isSigned='1', isAdHocSigned='0', signingCertificate='<DVTSigningCertificate: 0x7fd3356fb3b0; name='Apple Development: Abdelrhman Elmahdy (GS3YR2MZ84)', hash='2F824359C7E0DB6DAECB0256FD9D70716C3C8FCA', serialNumber='34AC81A7AE1E957FA8CC42B539CAE1A8', certificateKinds='(
    "1.2.840.113635.100.6.1.12",
    "1.2.840.113635.100.6.1.2"
), issueDate='2021-04-25 21:49:41 +0000''>', entitlements='(null)', teamID='878WRHSR2X', identifier='org.cocoapods.ReSwift', executablePath='<DVTFilePath:0x7fd354b8f1d0:'/Users/Abdelrhman/Library/Developer/Xcode/Archives/2021-10-10/Enjaz 10-10-2021, 1.30 AM.xcarchive/Products/Applications/Enjaz.app/Frameworks/ReSwift.framework/ReSwift'>', hardenedRuntime='0'>'> are: {
}
2021-10-09 23:40:18 +0000  Writing entitlements for <IDEDistributionItem: 0x7fd354b69a20; bundleID='org.cocoapods.ReSwift', path='<DVTFilePath:0x7fd341fc1c20:'/Users/Abdelrhman/Library/Developer/Xcode/Archives/2021-10-10/Enjaz 10-10-2021, 1.30 AM.xcarchive/Products/Applications/Enjaz.app/Frameworks/ReSwift.framework'>', codeSigningInfo='<_DVTCodeSigningInformation_Path: 0x7fd354b94260; isSigned='1', isAdHocSigned='0', signingCertificate='<DVTSigningCertificate: 0x7fd33d1954a0; name='Apple Development: Abdelrhman Elmahdy (GS3YR2MZ84)', hash='2F824359C7E0DB6DAECB0256FD9D70716C3C8FCA', serialNumber='34AC81A7AE1E957FA8CC42B539CAE1A8', certificateKinds='(
    "1.2.840.113635.100.6.1.12",
    "1.2.840.113635.100.6.1.2"
), issueDate='2021-04-25 21:49:41 +0000''>', entitlements='(null)', teamID='878WRHSR2X', identifier='org.cocoapods.ReSwift', executablePath='<DVTFilePath:0x7fd354b8f1d0:'/Users/Abdelrhman/Library/Developer/Xcode/Archives/2021-10-10/Enjaz 10-10-2021, 1.30 AM.xcarchive/Products/Applications/Enjaz.app/Frameworks/ReSwift.framework/ReSwift'>', hardenedRuntime='0'>'> to: /var/folders/nj/y2wbn0k928g09qd_dcmd6h2h0000gn/T/XcodeDistPipeline.~~~41e4JM/entitlements~~~R6g3zX
2021-10-09 23:40:18 +0000  Running /usr/bin/codesign '-vvv' '--force' '--sign' 'E3D07061842F22AEE366FC0EB9F1370E555E605E' '--entitlements' '/var/folders/nj/y2wbn0k928g09qd_dcmd6h2h0000gn/T/XcodeDistPipeline.~~~41e4JM/entitlements~~~R6g3zX' '--preserve-metadata=identifier,flags,runtime' '/var/folders/nj/y2wbn0k928g09qd_dcmd6h2h0000gn/T/XcodeDistPipeline.~~~41e4JM/Root/Payload/Enjaz.app/Frameworks/ReSwift.framework'
2021-10-09 23:40:18 +0000  /var/folders/nj/y2wbn0k928g09qd_dcmd6h2h0000gn/T/XcodeDistPipeline.~~~41e4JM/Root/Payload/Enjaz.app/Frameworks/ReSwift.framework: replacing existing signature
2021-10-09 23:40:18 +0000  /var/folders/nj/y2wbn0k928g09qd_dcmd6h2h0000gn/T/XcodeDistPipeline.~~~41e4JM/Root/Payload/Enjaz.app/Frameworks/ReSwift.framework: signed bundle with Mach-O universal (arm64) [org.cocoapods.ReSwift]
2021-10-09 23:40:18 +0000  /usr/bin/codesign exited with 0
2021-10-09 23:40:18 +0000  Entitlements for <IDEDistributionItem: 0x7fd3356aa530; bundleID='org.cocoapods.Realm', path='<DVTFilePath:0x7fd341fd9cc0:'/Users/Abdelrhman/Library/Developer/Xcode/Archives/2021-10-10/Enjaz 10-10-2021, 1.30 AM.xcarchive/Products/Applications/Enjaz.app/Frameworks/Realm.framework'>', codeSigningInfo='<_DVTCodeSigningInformation_Path: 0x7fd35681d310; isSigned='1', isAdHocSigned='0', signingCertificate='<DVTSigningCertificate: 0x7fd3599e9300; name='Apple Development: Abdelrhman Elmahdy (GS3YR2MZ84)', hash='2F824359C7E0DB6DAECB0256FD9D70716C3C8FCA', serialNumber='34AC81A7AE1E957FA8CC42B539CAE1A8', certificateKinds='(
    "1.2.840.113635.100.6.1.12",
    "1.2.840.113635.100.6.1.2"
), issueDate='2021-04-25 21:49:41 +0000''>', entitlements='(null)', teamID='878WRHSR2X', identifier='org.cocoapods.Realm', executablePath='<DVTFilePath:0x7fd32f6e8b20:'/Users/Abdelrhman/Library/Developer/Xcode/Archives/2021-10-10/Enjaz 10-10-2021, 1.30 AM.xcarchive/Products/Applications/Enjaz.app/Frameworks/Realm.framework/Realm'>', hardenedRuntime='0'>'>: {
}
2021-10-09 23:40:18 +0000  Entitlements for <IDEDistributionItem: 0x7fd3356aa530; bundleID='org.cocoapods.Realm', path='<DVTFilePath:0x7fd341fd9cc0:'/Users/Abdelrhman/Library/Developer/Xcode/Archives/2021-10-10/Enjaz 10-10-2021, 1.30 AM.xcarchive/Products/Applications/Enjaz.app/Frameworks/Realm.framework'>', codeSigningInfo='<_DVTCodeSigningInformation_Path: 0x7fd35681d310; isSigned='1', isAdHocSigned='0', signingCertificate='<DVTSigningCertificate: 0x7fd345e43940; name='Apple Development: Abdelrhman Elmahdy (GS3YR2MZ84)', hash='2F824359C7E0DB6DAECB0256FD9D70716C3C8FCA', serialNumber='34AC81A7AE1E957FA8CC42B539CAE1A8', certificateKinds='(
    "1.2.840.113635.100.6.1.12",
    "1.2.840.113635.100.6.1.2"
), issueDate='2021-04-25 21:49:41 +0000''>', entitlements='(null)', teamID='878WRHSR2X', identifier='org.cocoapods.Realm', executablePath='<DVTFilePath:0x7fd32f6e8b20:'/Users/Abdelrhman/Library/Developer/Xcode/Archives/2021-10-10/Enjaz 10-10-2021, 1.30 AM.xcarchive/Products/Applications/Enjaz.app/Frameworks/Realm.framework/Realm'>', hardenedRuntime='0'>'> are: {
}
2021-10-09 23:40:18 +0000  Writing entitlements for <IDEDistributionItem: 0x7fd3356aa530; bundleID='org.cocoapods.Realm', path='<DVTFilePath:0x7fd341fd9cc0:'/Users/Abdelrhman/Library/Developer/Xcode/Archives/2021-10-10/Enjaz 10-10-2021, 1.30 AM.xcarchive/Products/Applications/Enjaz.app/Frameworks/Realm.framework'>', codeSigningInfo='<_DVTCodeSigningInformation_Path: 0x7fd35681d310; isSigned='1', isAdHocSigned='0', signingCertificate='<DVTSigningCertificate: 0x7fd3599e0470; name='Apple Development: Abdelrhman Elmahdy (GS3YR2MZ84)', hash='2F824359C7E0DB6DAECB0256FD9D70716C3C8FCA', serialNumber='34AC81A7AE1E957FA8CC42B539CAE1A8', certificateKinds='(
    "1.2.840.113635.100.6.1.12",
    "1.2.840.113635.100.6.1.2"
), issueDate='2021-04-25 21:49:41 +0000''>', entitlements='(null)', teamID='878WRHSR2X', identifier='org.cocoapods.Realm', executablePath='<DVTFilePath:0x7fd32f6e8b20:'/Users/Abdelrhman/Library/Developer/Xcode/Archives/2021-10-10/Enjaz 10-10-2021, 1.30 AM.xcarchive/Products/Applications/Enjaz.app/Frameworks/Realm.framework/Realm'>', hardenedRuntime='0'>'> to: /var/folders/nj/y2wbn0k928g09qd_dcmd6h2h0000gn/T/XcodeDistPipeline.~~~41e4JM/entitlements~~~xvKEQB
2021-10-09 23:40:18 +0000  Running /usr/bin/codesign '-vvv' '--force' '--sign' 'E3D07061842F22AEE366FC0EB9F1370E555E605E' '--entitlements' '/var/folders/nj/y2wbn0k928g09qd_dcmd6h2h0000gn/T/XcodeDistPipeline.~~~41e4JM/entitlements~~~xvKEQB' '--preserve-metadata=identifier,flags,runtime' '/var/folders/nj/y2wbn0k928g09qd_dcmd6h2h0000gn/T/XcodeDistPipeline.~~~41e4JM/Root/Payload/Enjaz.app/Frameworks/Realm.framework'
2021-10-09 23:40:18 +0000  /var/folders/nj/y2wbn0k928g09qd_dcmd6h2h0000gn/T/XcodeDistPipeline.~~~41e4JM/Root/Payload/Enjaz.app/Frameworks/Realm.framework: replacing existing signature
2021-10-09 23:40:19 +0000  /var/folders/nj/y2wbn0k928g09qd_dcmd6h2h0000gn/T/XcodeDistPipeline.~~~41e4JM/Root/Payload/Enjaz.app/Frameworks/Realm.framework: signed bundle with Mach-O universal (arm64) [org.cocoapods.Realm]
2021-10-09 23:40:19 +0000  /usr/bin/codesign exited with 0
2021-10-09 23:40:19 +0000  Entitlements for <IDEDistributionItem: 0x7fd3583bf5f0; bundleID='org.cocoapods.RealmSwift', path='<DVTFilePath:0x7fd341fda720:'/Users/Abdelrhman/Library/Developer/Xcode/Archives/2021-10-10/Enjaz 10-10-2021, 1.30 AM.xcarchive/Products/Applications/Enjaz.app/Frameworks/RealmSwift.framework'>', codeSigningInfo='<_DVTCodeSigningInformation_Path: 0x7fd355935680; isSigned='1', isAdHocSigned='0', signingCertificate='<DVTSigningCertificate: 0x7fd3599e9300; name='Apple Development: Abdelrhman Elmahdy (GS3YR2MZ84)', hash='2F824359C7E0DB6DAECB0256FD9D70716C3C8FCA', serialNumber='34AC81A7AE1E957FA8CC42B539CAE1A8', certificateKinds='(
    "1.2.840.113635.100.6.1.12",
    "1.2.840.113635.100.6.1.2"
), issueDate='2021-04-25 21:49:41 +0000''>', entitlements='(null)', teamID='878WRHSR2X', identifier='org.cocoapods.RealmSwift', executablePath='<DVTFilePath:0x7fd3401e81c0:'/Users/Abdelrhman/Library/Developer/Xcode/Archives/2021-10-10/Enjaz 10-10-2021, 1.30 AM.xcarchive/Products/Applications/Enjaz.app/Frameworks/RealmSwift.framework/RealmSwift'>', hardenedRuntime='0'>'>: {
}
2021-10-09 23:40:19 +0000  Entitlements for <IDEDistributionItem: 0x7fd3583bf5f0; bundleID='org.cocoapods.RealmSwift', path='<DVTFilePath:0x7fd341fda720:'/Users/Abdelrhman/Library/Developer/Xcode/Archives/2021-10-10/Enjaz 10-10-2021, 1.30 AM.xcarchive/Products/Applications/Enjaz.app/Frameworks/RealmSwift.framework'>', codeSigningInfo='<_DVTCodeSigningInformation_Path: 0x7fd355935680; isSigned='1', isAdHocSigned='0', signingCertificate='<DVTSigningCertificate: 0x7fd3313ac6b0; name='Apple Development: Abdelrhman Elmahdy (GS3YR2MZ84)', hash='2F824359C7E0DB6DAECB0256FD9D70716C3C8FCA', serialNumber='34AC81A7AE1E957FA8CC42B539CAE1A8', certificateKinds='(
    "1.2.840.113635.100.6.1.12",
    "1.2.840.113635.100.6.1.2"
), issueDate='2021-04-25 21:49:41 +0000''>', entitlements='(null)', teamID='878WRHSR2X', identifier='org.cocoapods.RealmSwift', executablePath='<DVTFilePath:0x7fd3401e81c0:'/Users/Abdelrhman/Library/Developer/Xcode/Archives/2021-10-10/Enjaz 10-10-2021, 1.30 AM.xcarchive/Products/Applications/Enjaz.app/Frameworks/RealmSwift.framework/RealmSwift'>', hardenedRuntime='0'>'> are: {
}
2021-10-09 23:40:19 +0000  Writing entitlements for <IDEDistributionItem: 0x7fd3583bf5f0; bundleID='org.cocoapods.RealmSwift', path='<DVTFilePath:0x7fd341fda720:'/Users/Abdelrhman/Library/Developer/Xcode/Archives/2021-10-10/Enjaz 10-10-2021, 1.30 AM.xcarchive/Products/Applications/Enjaz.app/Frameworks/RealmSwift.framework'>', codeSigningInfo='<_DVTCodeSigningInformation_Path: 0x7fd355935680; isSigned='1', isAdHocSigned='0', signingCertificate='<DVTSigningCertificate: 0x7fd354b48190; name='Apple Development: Abdelrhman Elmahdy (GS3YR2MZ84)', hash='2F824359C7E0DB6DAECB0256FD9D70716C3C8FCA', serialNumber='34AC81A7AE1E957FA8CC42B539CAE1A8', certificateKinds='(
    "1.2.840.113635.100.6.1.12",
    "1.2.840.113635.100.6.1.2"
), issueDate='2021-04-25 21:49:41 +0000''>', entitlements='(null)', teamID='878WRHSR2X', identifier='org.cocoapods.RealmSwift', executablePath='<DVTFilePath:0x7fd3401e81c0:'/Users/Abdelrhman/Library/Developer/Xcode/Archives/2021-10-10/Enjaz 10-10-2021, 1.30 AM.xcarchive/Products/Applications/Enjaz.app/Frameworks/RealmSwift.framework/RealmSwift'>', hardenedRuntime='0'>'> to: /var/folders/nj/y2wbn0k928g09qd_dcmd6h2h0000gn/T/XcodeDistPipeline.~~~41e4JM/entitlements~~~whcczq
2021-10-09 23:40:19 +0000  Running /usr/bin/codesign '-vvv' '--force' '--sign' 'E3D07061842F22AEE366FC0EB9F1370E555E605E' '--entitlements' '/var/folders/nj/y2wbn0k928g09qd_dcmd6h2h0000gn/T/XcodeDistPipeline.~~~41e4JM/entitlements~~~whcczq' '--preserve-metadata=identifier,flags,runtime' '/var/folders/nj/y2wbn0k928g09qd_dcmd6h2h0000gn/T/XcodeDistPipeline.~~~41e4JM/Root/Payload/Enjaz.app/Frameworks/RealmSwift.framework'
2021-10-09 23:40:19 +0000  /var/folders/nj/y2wbn0k928g09qd_dcmd6h2h0000gn/T/XcodeDistPipeline.~~~41e4JM/Root/Payload/Enjaz.app/Frameworks/RealmSwift.framework: replacing existing signature
2021-10-09 23:40:19 +0000  /var/folders/nj/y2wbn0k928g09qd_dcmd6h2h0000gn/T/XcodeDistPipeline.~~~41e4JM/Root/Payload/Enjaz.app/Frameworks/RealmSwift.framework: signed bundle with Mach-O universal (arm64) [org.cocoapods.RealmSwift]
2021-10-09 23:40:19 +0000  /usr/bin/codesign exited with 0
2021-10-09 23:40:19 +0000  Entitlements for <IDEDistributionItem: 0x7fd342178940; bundleID='org.cocoapods.SPAlert', path='<DVTFilePath:0x7fd341fcd110:'/Users/Abdelrhman/Library/Developer/Xcode/Archives/2021-10-10/Enjaz 10-10-2021, 1.30 AM.xcarchive/Products/Applications/Enjaz.app/Frameworks/SPAlert.framework'>', codeSigningInfo='<_DVTCodeSigningInformation_Path: 0x7fd354ba0230; isSigned='1', isAdHocSigned='0', signingCertificate='<DVTSigningCertificate: 0x7fd33139bb90; name='Apple Development: Abdelrhman Elmahdy (GS3YR2MZ84)', hash='2F824359C7E0DB6DAECB0256FD9D70716C3C8FCA', serialNumber='34AC81A7AE1E957FA8CC42B539CAE1A8', certificateKinds='(
    "1.2.840.113635.100.6.1.12",
    "1.2.840.113635.100.6.1.2"
), issueDate='2021-04-25 21:49:41 +0000''>', entitlements='(null)', teamID='878WRHSR2X', identifier='org.cocoapods.SPAlert', executablePath='<DVTFilePath:0x7fd341fce6d0:'/Users/Abdelrhman/Library/Developer/Xcode/Archives/2021-10-10/Enjaz 10-10-2021, 1.30 AM.xcarchive/Products/Applications/Enjaz.app/Frameworks/SPAlert.framework/SPAlert'>', hardenedRuntime='0'>'>: {
}
2021-10-09 23:40:19 +0000  Entitlements for <IDEDistributionItem: 0x7fd342178940; bundleID='org.cocoapods.SPAlert', path='<DVTFilePath:0x7fd341fcd110:'/Users/Abdelrhman/Library/Developer/Xcode/Archives/2021-10-10/Enjaz 10-10-2021, 1.30 AM.xcarchive/Products/Applications/Enjaz.app/Frameworks/SPAlert.framework'>', codeSigningInfo='<_DVTCodeSigningInformation_Path: 0x7fd354ba0230; isSigned='1', isAdHocSigned='0', signingCertificate='<DVTSigningCertificate: 0x7fd32f17b430; name='Apple Development: Abdelrhman Elmahdy (GS3YR2MZ84)', hash='2F824359C7E0DB6DAECB0256FD9D70716C3C8FCA', serialNumber='34AC81A7AE1E957FA8CC42B539CAE1A8', certificateKinds='(
    "1.2.840.113635.100.6.1.12",
    "1.2.840.113635.100.6.1.2"
), issueDate='2021-04-25 21:49:41 +0000''>', entitlements='(null)', teamID='878WRHSR2X', identifier='org.cocoapods.SPAlert', executablePath='<DVTFilePath:0x7fd341fce6d0:'/Users/Abdelrhman/Library/Developer/Xcode/Archives/2021-10-10/Enjaz 10-10-2021, 1.30 AM.xcarchive/Products/Applications/Enjaz.app/Frameworks/SPAlert.framework/SPAlert'>', hardenedRuntime='0'>'> are: {
}
2021-10-09 23:40:19 +0000  Writing entitlements for <IDEDistributionItem: 0x7fd342178940; bundleID='org.cocoapods.SPAlert', path='<DVTFilePath:0x7fd341fcd110:'/Users/Abdelrhman/Library/Developer/Xcode/Archives/2021-10-10/Enjaz 10-10-2021, 1.30 AM.xcarchive/Products/Applications/Enjaz.app/Frameworks/SPAlert.framework'>', codeSigningInfo='<_DVTCodeSigningInformation_Path: 0x7fd354ba0230; isSigned='1', isAdHocSigned='0', signingCertificate='<DVTSigningCertificate: 0x7fd3599aac80; name='Apple Development: Abdelrhman Elmahdy (GS3YR2MZ84)', hash='2F824359C7E0DB6DAECB0256FD9D70716C3C8FCA', serialNumber='34AC81A7AE1E957FA8CC42B539CAE1A8', certificateKinds='(
    "1.2.840.113635.100.6.1.12",
    "1.2.840.113635.100.6.1.2"
), issueDate='2021-04-25 21:49:41 +0000''>', entitlements='(null)', teamID='878WRHSR2X', identifier='org.cocoapods.SPAlert', executablePath='<DVTFilePath:0x7fd341fce6d0:'/Users/Abdelrhman/Library/Developer/Xcode/Archives/2021-10-10/Enjaz 10-10-2021, 1.30 AM.xcarchive/Products/Applications/Enjaz.app/Frameworks/SPAlert.framework/SPAlert'>', hardenedRuntime='0'>'> to: /var/folders/nj/y2wbn0k928g09qd_dcmd6h2h0000gn/T/XcodeDistPipeline.~~~41e4JM/entitlements~~~xjT64F
2021-10-09 23:40:19 +0000  Running /usr/bin/codesign '-vvv' '--force' '--sign' 'E3D07061842F22AEE366FC0EB9F1370E555E605E' '--entitlements' '/var/folders/nj/y2wbn0k928g09qd_dcmd6h2h0000gn/T/XcodeDistPipeline.~~~41e4JM/entitlements~~~xjT64F' '--preserve-metadata=identifier,flags,runtime' '/var/folders/nj/y2wbn0k928g09qd_dcmd6h2h0000gn/T/XcodeDistPipeline.~~~41e4JM/Root/Payload/Enjaz.app/Frameworks/SPAlert.framework'
2021-10-09 23:40:19 +0000  /var/folders/nj/y2wbn0k928g09qd_dcmd6h2h0000gn/T/XcodeDistPipeline.~~~41e4JM/Root/Payload/Enjaz.app/Frameworks/SPAlert.framework: replacing existing signature
2021-10-09 23:40:19 +0000  /var/folders/nj/y2wbn0k928g09qd_dcmd6h2h0000gn/T/XcodeDistPipeline.~~~41e4JM/Root/Payload/Enjaz.app/Frameworks/SPAlert.framework: signed bundle with Mach-O thin (arm64) [org.cocoapods.SPAlert]
2021-10-09 23:40:19 +0000  /usr/bin/codesign exited with 0
2021-10-09 23:40:19 +0000  Entitlements for <IDEDistributionItem: 0x7fd335687ce0; bundleID='org.cocoapods.ShimmerSwift', path='<DVTFilePath:0x7fd32d09f920:'/Users/Abdelrhman/Library/Developer/Xcode/Archives/2021-10-10/Enjaz 10-10-2021, 1.30 AM.xcarchive/Products/Applications/Enjaz.app/Frameworks/ShimmerSwift.framework'>', codeSigningInfo='<_DVTCodeSigningInformation_Path: 0x7fd3313d7eb0; isSigned='1', isAdHocSigned='0', signingCertificate='<DVTSigningCertificate: 0x7fd33130b5c0; name='Apple Development: Abdelrhman Elmahdy (GS3YR2MZ84)', hash='2F824359C7E0DB6DAECB0256FD9D70716C3C8FCA', serialNumber='34AC81A7AE1E957FA8CC42B539CAE1A8', certificateKinds='(
    "1.2.840.113635.100.6.1.12",
    "1.2.840.113635.100.6.1.2"
), issueDate='2021-04-25 21:49:41 +0000''>', entitlements='(null)', teamID='878WRHSR2X', identifier='org.cocoapods.ShimmerSwift', executablePath='<DVTFilePath:0x7fd33567e750:'/Users/Abdelrhman/Library/Developer/Xcode/Archives/2021-10-10/Enjaz 10-10-2021, 1.30 AM.xcarchive/Products/Applications/Enjaz.app/Frameworks/ShimmerSwift.framework/ShimmerSwift'>', hardenedRuntime='0'>'>: {
}
2021-10-09 23:40:19 +0000  Entitlements for <IDEDistributionItem: 0x7fd335687ce0; bundleID='org.cocoapods.ShimmerSwift', path='<DVTFilePath:0x7fd32d09f920:'/Users/Abdelrhman/Library/Developer/Xcode/Archives/2021-10-10/Enjaz 10-10-2021, 1.30 AM.xcarchive/Products/Applications/Enjaz.app/Frameworks/ShimmerSwift.framework'>', codeSigningInfo='<_DVTCodeSigningInformation_Path: 0x7fd3313d7eb0; isSigned='1', isAdHocSigned='0', signingCertificate='<DVTSigningCertificate: 0x7fd32cc6c750; name='Apple Development: Abdelrhman Elmahdy (GS3YR2MZ84)', hash='2F824359C7E0DB6DAECB0256FD9D70716C3C8FCA', serialNumber='34AC81A7AE1E957FA8CC42B539CAE1A8', certificateKinds='(
    "1.2.840.113635.100.6.1.12",
    "1.2.840.113635.100.6.1.2"
), issueDate='2021-04-25 21:49:41 +0000''>', entitlements='(null)', teamID='878WRHSR2X', identifier='org.cocoapods.ShimmerSwift', executablePath='<DVTFilePath:0x7fd33567e750:'/Users/Abdelrhman/Library/Developer/Xcode/Archives/2021-10-10/Enjaz 10-10-2021, 1.30 AM.xcarchive/Products/Applications/Enjaz.app/Frameworks/ShimmerSwift.framework/ShimmerSwift'>', hardenedRuntime='0'>'> are: {
}
2021-10-09 23:40:19 +0000  Writing entitlements for <IDEDistributionItem: 0x7fd335687ce0; bundleID='org.cocoapods.ShimmerSwift', path='<DVTFilePath:0x7fd32d09f920:'/Users/Abdelrhman/Library/Developer/Xcode/Archives/2021-10-10/Enjaz 10-10-2021, 1.30 AM.xcarchive/Products/Applications/Enjaz.app/Frameworks/ShimmerSwift.framework'>', codeSigningInfo='<_DVTCodeSigningInformation_Path: 0x7fd3313d7eb0; isSigned='1', isAdHocSigned='0', signingCertificate='<DVTSigningCertificate: 0x7fd356786190; name='Apple Development: Abdelrhman Elmahdy (GS3YR2MZ84)', hash='2F824359C7E0DB6DAECB0256FD9D70716C3C8FCA', serialNumber='34AC81A7AE1E957FA8CC42B539CAE1A8', certificateKinds='(
    "1.2.840.113635.100.6.1.12",
    "1.2.840.113635.100.6.1.2"
), issueDate='2021-04-25 21:49:41 +0000''>', entitlements='(null)', teamID='878WRHSR2X', identifier='org.cocoapods.ShimmerSwift', executablePath='<DVTFilePath:0x7fd33567e750:'/Users/Abdelrhman/Library/Developer/Xcode/Archives/2021-10-10/Enjaz 10-10-2021, 1.30 AM.xcarchive/Products/Applications/Enjaz.app/Frameworks/ShimmerSwift.framework/ShimmerSwift'>', hardenedRuntime='0'>'> to: /var/folders/nj/y2wbn0k928g09qd_dcmd6h2h0000gn/T/XcodeDistPipeline.~~~41e4JM/entitlements~~~KCpAjM
2021-10-09 23:40:19 +0000  Running /usr/bin/codesign '-vvv' '--force' '--sign' 'E3D07061842F22AEE366FC0EB9F1370E555E605E' '--entitlements' '/var/folders/nj/y2wbn0k928g09qd_dcmd6h2h0000gn/T/XcodeDistPipeline.~~~41e4JM/entitlements~~~KCpAjM' '--preserve-metadata=identifier,flags,runtime' '/var/folders/nj/y2wbn0k928g09qd_dcmd6h2h0000gn/T/XcodeDistPipeline.~~~41e4JM/Root/Payload/Enjaz.app/Frameworks/ShimmerSwift.framework'
2021-10-09 23:40:19 +0000  /var/folders/nj/y2wbn0k928g09qd_dcmd6h2h0000gn/T/XcodeDistPipeline.~~~41e4JM/Root/Payload/Enjaz.app/Frameworks/ShimmerSwift.framework: replacing existing signature
2021-10-09 23:40:19 +0000  /var/folders/nj/y2wbn0k928g09qd_dcmd6h2h0000gn/T/XcodeDistPipeline.~~~41e4JM/Root/Payload/Enjaz.app/Frameworks/ShimmerSwift.framework: signed bundle with Mach-O universal (arm64) [org.cocoapods.ShimmerSwift]
2021-10-09 23:40:19 +0000  /usr/bin/codesign exited with 0
2021-10-09 23:40:19 +0000  Entitlements for <IDEDistributionItem: 0x7fd3421de2e0; bundleID='org.cocoapods.SideMenu', path='<DVTFilePath:0x7fd341fdf3f0:'/Users/Abdelrhman/Library/Developer/Xcode/Archives/2021-10-10/Enjaz 10-10-2021, 1.30 AM.xcarchive/Products/Applications/Enjaz.app/Frameworks/SideMenu.framework'>', codeSigningInfo='<_DVTCodeSigningInformation_Path: 0x7fd354b95280; isSigned='1', isAdHocSigned='0', signingCertificate='<DVTSigningCertificate: 0x7fd356786190; name='Apple Development: Abdelrhman Elmahdy (GS3YR2MZ84)', hash='2F824359C7E0DB6DAECB0256FD9D70716C3C8FCA', serialNumber='34AC81A7AE1E957FA8CC42B539CAE1A8', certificateKinds='(
    "1.2.840.113635.100.6.1.12",
    "1.2.840.113635.100.6.1.2"
), issueDate='2021-04-25 21:49:41 +0000''>', entitlements='(null)', teamID='878WRHSR2X', identifier='org.cocoapods.SideMenu', executablePath='<DVTFilePath:0x7fd3421e9000:'/Users/Abdelrhman/Library/Developer/Xcode/Archives/2021-10-10/Enjaz 10-10-2021, 1.30 AM.xcarchive/Products/Applications/Enjaz.app/Frameworks/SideMenu.framework/SideMenu'>', hardenedRuntime='0'>'>: {
}
2021-10-09 23:40:19 +0000  Entitlements for <IDEDistributionItem: 0x7fd3421de2e0; bundleID='org.cocoapods.SideMenu', path='<DVTFilePath:0x7fd341fdf3f0:'/Users/Abdelrhman/Library/Developer/Xcode/Archives/2021-10-10/Enjaz 10-10-2021, 1.30 AM.xcarchive/Products/Applications/Enjaz.app/Frameworks/SideMenu.framework'>', codeSigningInfo='<_DVTCodeSigningInformation_Path: 0x7fd354b95280; isSigned='1', isAdHocSigned='0', signingCertificate='<DVTSigningCertificate: 0x7fd345e43940; name='Apple Development: Abdelrhman Elmahdy (GS3YR2MZ84)', hash='2F824359C7E0DB6DAECB0256FD9D70716C3C8FCA', serialNumber='34AC81A7AE1E957FA8CC42B539CAE1A8', certificateKinds='(
    "1.2.840.113635.100.6.1.12",
    "1.2.840.113635.100.6.1.2"
), issueDate='2021-04-25 21:49:41 +0000''>', entitlements='(null)', teamID='878WRHSR2X', identifier='org.cocoapods.SideMenu', executablePath='<DVTFilePath:0x7fd3421e9000:'/Users/Abdelrhman/Library/Developer/Xcode/Archives/2021-10-10/Enjaz 10-10-2021, 1.30 AM.xcarchive/Products/Applications/Enjaz.app/Frameworks/SideMenu.framework/SideMenu'>', hardenedRuntime='0'>'> are: {
}
2021-10-09 23:40:19 +0000  Writing entitlements for <IDEDistributionItem: 0x7fd3421de2e0; bundleID='org.cocoapods.SideMenu', path='<DVTFilePath:0x7fd341fdf3f0:'/Users/Abdelrhman/Library/Developer/Xcode/Archives/2021-10-10/Enjaz 10-10-2021, 1.30 AM.xcarchive/Products/Applications/Enjaz.app/Frameworks/SideMenu.framework'>', codeSigningInfo='<_DVTCodeSigningInformation_Path: 0x7fd354b95280; isSigned='1', isAdHocSigned='0', signingCertificate='<DVTSigningCertificate: 0x7fd354b48190; name='Apple Development: Abdelrhman Elmahdy (GS3YR2MZ84)', hash='2F824359C7E0DB6DAECB0256FD9D70716C3C8FCA', serialNumber='34AC81A7AE1E957FA8CC42B539CAE1A8', certificateKinds='(
    "1.2.840.113635.100.6.1.12",
    "1.2.840.113635.100.6.1.2"
), issueDate='2021-04-25 21:49:41 +0000''>', entitlements='(null)', teamID='878WRHSR2X', identifier='org.cocoapods.SideMenu', executablePath='<DVTFilePath:0x7fd3421e9000:'/Users/Abdelrhman/Library/Developer/Xcode/Archives/2021-10-10/Enjaz 10-10-2021, 1.30 AM.xcarchive/Products/Applications/Enjaz.app/Frameworks/SideMenu.framework/SideMenu'>', hardenedRuntime='0'>'> to: /var/folders/nj/y2wbn0k928g09qd_dcmd6h2h0000gn/T/XcodeDistPipeline.~~~41e4JM/entitlements~~~aMTiG0
2021-10-09 23:40:19 +0000  Running /usr/bin/codesign '-vvv' '--force' '--sign' 'E3D07061842F22AEE366FC0EB9F1370E555E605E' '--entitlements' '/var/folders/nj/y2wbn0k928g09qd_dcmd6h2h0000gn/T/XcodeDistPipeline.~~~41e4JM/entitlements~~~aMTiG0' '--preserve-metadata=identifier,flags,runtime' '/var/folders/nj/y2wbn0k928g09qd_dcmd6h2h0000gn/T/XcodeDistPipeline.~~~41e4JM/Root/Payload/Enjaz.app/Frameworks/SideMenu.framework'
2021-10-09 23:40:20 +0000  /var/folders/nj/y2wbn0k928g09qd_dcmd6h2h0000gn/T/XcodeDistPipeline.~~~41e4JM/Root/Payload/Enjaz.app/Frameworks/SideMenu.framework: replacing existing signature
2021-10-09 23:40:20 +0000  /var/folders/nj/y2wbn0k928g09qd_dcmd6h2h0000gn/T/XcodeDistPipeline.~~~41e4JM/Root/Payload/Enjaz.app/Frameworks/SideMenu.framework: signed bundle with Mach-O universal (arm64) [org.cocoapods.SideMenu]
2021-10-09 23:40:20 +0000  /usr/bin/codesign exited with 0
2021-10-09 23:40:20 +0000  Entitlements for <IDEDistributionItem: 0x7fd3313d7d30; bundleID='org.cocoapods.SwiftKeychainWrapper', path='<DVTFilePath:0x7fd341fcf7f0:'/Users/Abdelrhman/Library/Developer/Xcode/Archives/2021-10-10/Enjaz 10-10-2021, 1.30 AM.xcarchive/Products/Applications/Enjaz.app/Frameworks/SwiftKeychainWrapper.framework'>', codeSigningInfo='<_DVTCodeSigningInformation_Path: 0x7fd33568ed00; isSigned='1', isAdHocSigned='0', signingCertificate='<DVTSigningCertificate: 0x7fd3599ff870; name='Apple Development: Abdelrhman Elmahdy (GS3YR2MZ84)', hash='2F824359C7E0DB6DAECB0256FD9D70716C3C8FCA', serialNumber='34AC81A7AE1E957FA8CC42B539CAE1A8', certificateKinds='(
    "1.2.840.113635.100.6.1.12",
    "1.2.840.113635.100.6.1.2"
), issueDate='2021-04-25 21:49:41 +0000''>', entitlements='(null)', teamID='878WRHSR2X', identifier='org.cocoapods.SwiftKeychainWrapper', executablePath='<DVTFilePath:0x7fd32db19b20:'/Users/Abdelrhman/Library/Developer/Xcode/Archives/2021-10-10/Enjaz 10-10-2021, 1.30 AM.xcarchive/Products/Applications/Enjaz.app/Frameworks/SwiftKeychainWrapper.framework/SwiftKeychainWrapper'>', hardenedRuntime='0'>'>: {
}
2021-10-09 23:40:20 +0000  Entitlements for <IDEDistributionItem: 0x7fd3313d7d30; bundleID='org.cocoapods.SwiftKeychainWrapper', path='<DVTFilePath:0x7fd341fcf7f0:'/Users/Abdelrhman/Library/Developer/Xcode/Archives/2021-10-10/Enjaz 10-10-2021, 1.30 AM.xcarchive/Products/Applications/Enjaz.app/Frameworks/SwiftKeychainWrapper.framework'>', codeSigningInfo='<_DVTCodeSigningInformation_Path: 0x7fd33568ed00; isSigned='1', isAdHocSigned='0', signingCertificate='<DVTSigningCertificate: 0x7fd33ed98ee0; name='Apple Development: Abdelrhman Elmahdy (GS3YR2MZ84)', hash='2F824359C7E0DB6DAECB0256FD9D70716C3C8FCA', serialNumber='34AC81A7AE1E957FA8CC42B539CAE1A8', certificateKinds='(
    "1.2.840.113635.100.6.1.12",
    "1.2.840.113635.100.6.1.2"
), issueDate='2021-04-25 21:49:41 +0000''>', entitlements='(null)', teamID='878WRHSR2X', identifier='org.cocoapods.SwiftKeychainWrapper', executablePath='<DVTFilePath:0x7fd32db19b20:'/Users/Abdelrhman/Library/Developer/Xcode/Archives/2021-10-10/Enjaz 10-10-2021, 1.30 AM.xcarchive/Products/Applications/Enjaz.app/Frameworks/SwiftKeychainWrapper.framework/SwiftKeychainWrapper'>', hardenedRuntime='0'>'> are: {
}
2021-10-09 23:40:20 +0000  Writing entitlements for <IDEDistributionItem: 0x7fd3313d7d30; bundleID='org.cocoapods.SwiftKeychainWrapper', path='<DVTFilePath:0x7fd341fcf7f0:'/Users/Abdelrhman/Library/Developer/Xcode/Archives/2021-10-10/Enjaz 10-10-2021, 1.30 AM.xcarchive/Products/Applications/Enjaz.app/Frameworks/SwiftKeychainWrapper.framework'>', codeSigningInfo='<_DVTCodeSigningInformation_Path: 0x7fd33568ed00; isSigned='1', isAdHocSigned='0', signingCertificate='<DVTSigningCertificate: 0x7fd3313a5a50; name='Apple Development: Abdelrhman Elmahdy (GS3YR2MZ84)', hash='2F824359C7E0DB6DAECB0256FD9D70716C3C8FCA', serialNumber='34AC81A7AE1E957FA8CC42B539CAE1A8', certificateKinds='(
    "1.2.840.113635.100.6.1.12",
    "1.2.840.113635.100.6.1.2"
), issueDate='2021-04-25 21:49:41 +0000''>', entitlements='(null)', teamID='878WRHSR2X', identifier='org.cocoapods.SwiftKeychainWrapper', executablePath='<DVTFilePath:0x7fd32db19b20:'/Users/Abdelrhman/Library/Developer/Xcode/Archives/2021-10-10/Enjaz 10-10-2021, 1.30 AM.xcarchive/Products/Applications/Enjaz.app/Frameworks/SwiftKeychainWrapper.framework/SwiftKeychainWrapper'>', hardenedRuntime='0'>'> to: /var/folders/nj/y2wbn0k928g09qd_dcmd6h2h0000gn/T/XcodeDistPipeline.~~~41e4JM/entitlements~~~7QpkcC
2021-10-09 23:40:20 +0000  Running /usr/bin/codesign '-vvv' '--force' '--sign' 'E3D07061842F22AEE366FC0EB9F1370E555E605E' '--entitlements' '/var/folders/nj/y2wbn0k928g09qd_dcmd6h2h0000gn/T/XcodeDistPipeline.~~~41e4JM/entitlements~~~7QpkcC' '--preserve-metadata=identifier,flags,runtime' '/var/folders/nj/y2wbn0k928g09qd_dcmd6h2h0000gn/T/XcodeDistPipeline.~~~41e4JM/Root/Payload/Enjaz.app/Frameworks/SwiftKeychainWrapper.framework'
2021-10-09 23:40:20 +0000  /var/folders/nj/y2wbn0k928g09qd_dcmd6h2h0000gn/T/XcodeDistPipeline.~~~41e4JM/Root/Payload/Enjaz.app/Frameworks/SwiftKeychainWrapper.framework: replacing existing signature
2021-10-09 23:40:20 +0000  /var/folders/nj/y2wbn0k928g09qd_dcmd6h2h0000gn/T/XcodeDistPipeline.~~~41e4JM/Root/Payload/Enjaz.app/Frameworks/SwiftKeychainWrapper.framework: signed bundle with Mach-O universal (arm64) [org.cocoapods.SwiftKeychainWrapper]
2021-10-09 23:40:20 +0000  /usr/bin/codesign exited with 0
2021-10-09 23:40:20 +0000  Entitlements for <IDEDistributionItem: 0x7fd3421ba840; bundleID='prototype.Enjaz', path='<DVTFilePath:0x7fd32db40700:'/Users/Abdelrhman/Library/Developer/Xcode/Archives/2021-10-10/Enjaz 10-10-2021, 1.30 AM.xcarchive/Products/Applications/Enjaz.app'>', codeSigningInfo='<_DVTCodeSigningInformation_Path: 0x7fd3313f8210; isSigned='1', isAdHocSigned='0', signingCertificate='<DVTSigningCertificate: 0x7fd356786190; name='Apple Development: Abdelrhman Elmahdy (GS3YR2MZ84)', hash='2F824359C7E0DB6DAECB0256FD9D70716C3C8FCA', serialNumber='34AC81A7AE1E957FA8CC42B539CAE1A8', certificateKinds='(
    "1.2.840.113635.100.6.1.12",
    "1.2.840.113635.100.6.1.2"
), issueDate='2021-04-25 21:49:41 +0000''>', entitlements='{
    "application-identifier" = "878WRHSR2X.prototype.Enjaz";
    "com.apple.developer.team-identifier" = 878WRHSR2X;
    "get-task-allow" = 1;
    "keychain-access-groups" =     (
        "878WRHSR2X.prototype.Enjaz"
    );
}', teamID='878WRHSR2X', identifier='prototype.Enjaz', executablePath='<DVTFilePath:0x7fd3401648e0:'/Users/Abdelrhman/Library/Developer/Xcode/Archives/2021-10-10/Enjaz 10-10-2021, 1.30 AM.xcarchive/Products/Applications/Enjaz.app/Enjaz'>', hardenedRuntime='0'>'>: {
    "application-identifier" = "878WRHSR2X.prototype.Enjaz";
    "com.apple.developer.team-identifier" = 878WRHSR2X;
    "get-task-allow" = 0;
    "keychain-access-groups" =     (
        "878WRHSR2X.prototype.Enjaz"
    );
}
2021-10-09 23:40:20 +0000  Entitlements for <IDEDistributionItem: 0x7fd3421ba840; bundleID='prototype.Enjaz', path='<DVTFilePath:0x7fd32db40700:'/Users/Abdelrhman/Library/Developer/Xcode/Archives/2021-10-10/Enjaz 10-10-2021, 1.30 AM.xcarchive/Products/Applications/Enjaz.app'>', codeSigningInfo='<_DVTCodeSigningInformation_Path: 0x7fd3313f8210; isSigned='1', isAdHocSigned='0', signingCertificate='<DVTSigningCertificate: 0x7fd3313ac720; name='Apple Development: Abdelrhman Elmahdy (GS3YR2MZ84)', hash='2F824359C7E0DB6DAECB0256FD9D70716C3C8FCA', serialNumber='34AC81A7AE1E957FA8CC42B539CAE1A8', certificateKinds='(
    "1.2.840.113635.100.6.1.12",
    "1.2.840.113635.100.6.1.2"
), issueDate='2021-04-25 21:49:41 +0000''>', entitlements='{
    "application-identifier" = "878WRHSR2X.prototype.Enjaz";
    "com.apple.developer.team-identifier" = 878WRHSR2X;
    "get-task-allow" = 1;
    "keychain-access-groups" =     (
        "878WRHSR2X.prototype.Enjaz"
    );
}', teamID='878WRHSR2X', identifier='prototype.Enjaz', executablePath='<DVTFilePath:0x7fd3401648e0:'/Users/Abdelrhman/Library/Developer/Xcode/Archives/2021-10-10/Enjaz 10-10-2021, 1.30 AM.xcarchive/Products/Applications/Enjaz.app/Enjaz'>', hardenedRuntime='0'>'> are: {
    "application-identifier" = "878WRHSR2X.prototype.Enjaz";
    "com.apple.developer.team-identifier" = 878WRHSR2X;
    "get-task-allow" = 0;
    "keychain-access-groups" =     (
        "878WRHSR2X.prototype.Enjaz"
    );
}
2021-10-09 23:40:20 +0000  Writing entitlements for <IDEDistributionItem: 0x7fd3421ba840; bundleID='prototype.Enjaz', path='<DVTFilePath:0x7fd32db40700:'/Users/Abdelrhman/Library/Developer/Xcode/Archives/2021-10-10/Enjaz 10-10-2021, 1.30 AM.xcarchive/Products/Applications/Enjaz.app'>', codeSigningInfo='<_DVTCodeSigningInformation_Path: 0x7fd3313f8210; isSigned='1', isAdHocSigned='0', signingCertificate='<DVTSigningCertificate: 0x7fd3313aa180; name='Apple Development: Abdelrhman Elmahdy (GS3YR2MZ84)', hash='2F824359C7E0DB6DAECB0256FD9D70716C3C8FCA', serialNumber='34AC81A7AE1E957FA8CC42B539CAE1A8', certificateKinds='(
    "1.2.840.113635.100.6.1.12",
    "1.2.840.113635.100.6.1.2"
), issueDate='2021-04-25 21:49:41 +0000''>', entitlements='{
    "application-identifier" = "878WRHSR2X.prototype.Enjaz";
    "com.apple.developer.team-identifier" = 878WRHSR2X;
    "get-task-allow" = 1;
    "keychain-access-groups" =     (
        "878WRHSR2X.prototype.Enjaz"
    );
}', teamID='878WRHSR2X', identifier='prototype.Enjaz', executablePath='<DVTFilePath:0x7fd3401648e0:'/Users/Abdelrhman/Library/Developer/Xcode/Archives/2021-10-10/Enjaz 10-10-2021, 1.30 AM.xcarchive/Products/Applications/Enjaz.app/Enjaz'>', hardenedRuntime='0'>'> to: /var/folders/nj/y2wbn0k928g09qd_dcmd6h2h0000gn/T/XcodeDistPipeline.~~~41e4JM/entitlements~~~UPZ3SW
2021-10-09 23:40:20 +0000  Running /usr/bin/codesign '-vvv' '--force' '--sign' 'E3D07061842F22AEE366FC0EB9F1370E555E605E' '--entitlements' '/var/folders/nj/y2wbn0k928g09qd_dcmd6h2h0000gn/T/XcodeDistPipeline.~~~41e4JM/entitlements~~~UPZ3SW' '--preserve-metadata=identifier,flags,runtime' '/var/folders/nj/y2wbn0k928g09qd_dcmd6h2h0000gn/T/XcodeDistPipeline.~~~41e4JM/Root/Payload/Enjaz.app'
2021-10-09 23:40:20 +0000  /var/folders/nj/y2wbn0k928g09qd_dcmd6h2h0000gn/T/XcodeDistPipeline.~~~41e4JM/Root/Payload/Enjaz.app: replacing existing signature
2021-10-09 23:40:20 +0000  /var/folders/nj/y2wbn0k928g09qd_dcmd6h2h0000gn/T/XcodeDistPipeline.~~~41e4JM/Root/Payload/Enjaz.app: signed app bundle with Mach-O thin (arm64) [prototype.Enjaz]
2021-10-09 23:40:20 +0000  /usr/bin/codesign exited with 0
2021-10-09 23:40:20 +0000  Processing step: IDEDistributionZipODRItemStep
2021-10-09 23:40:20 +0000  Skipping step: IDEDistributionZipODRItemStep because it said so
2021-10-09 23:40:20 +0000  Skipping step: IDEDistributionZipODRItemStep because it said so
2021-10-09 23:40:20 +0000  Skipping step: IDEDistributionZipODRItemStep because it said so
2021-10-09 23:40:20 +0000  Skipping step: IDEDistributionZipODRItemStep because it said so
2021-10-09 23:40:20 +0000  Skipping step: IDEDistributionZipODRItemStep because it said so
2021-10-09 23:40:20 +0000  Skipping step: IDEDistributionZipODRItemStep because it said so
2021-10-09 23:40:20 +0000  Skipping step: IDEDistributionZipODRItemStep because it said so
2021-10-09 23:40:20 +0000  Skipping step: IDEDistributionZipODRItemStep because it said so
2021-10-09 23:40:20 +0000  Processing step: IDEDistributionCreateIPAStep
2021-10-09 23:40:20 +0000  Running /usr/bin/ditto '-V' '-c' '-k' '--norsrc' '/var/folders/nj/y2wbn0k928g09qd_dcmd6h2h0000gn/T/XcodeDistPipeline.~~~41e4JM/Root' '/var/folders/nj/y2wbn0k928g09qd_dcmd6h2h0000gn/T/XcodeDistPipeline.~~~41e4JM/Packages/Enjaz.ipa'
2021-10-09 23:40:20 +0000  >>> Copying /var/folders/nj/y2wbn0k928g09qd_dcmd6h2h0000gn/T/XcodeDistPipeline.~~~41e4JM/Root 
2021-10-09 23:40:20 +0000  copying file ./Payload/Enjaz.app/_CodeSignature/CodeResources ... 
2021-10-09 23:40:20 +0000  10660 bytes for ./Payload/Enjaz.app/_CodeSignature/CodeResources
2021-10-09 23:40:20 +0000  copying file ./Payload/Enjaz.app/ar.lproj/LaunchScreen.strings ... 
1 bytes for ./Payload/Enjaz.app/ar.lproj/LaunchScreen.strings
copying file ./Payload/Enjaz.app/ar.lproj/Localizable.strings ... 
2021-10-09 23:40:20 +0000  15526 bytes for ./Payload/Enjaz.app/ar.lproj/Localizable.strings
2021-10-09 23:40:20 +0000  copying file ./Payload/Enjaz.app/en.lproj/Localizable.strings ... 
805 bytes for ./Payload/Enjaz.app/en.lproj/Localizable.strings
copying file ./Payload/Enjaz.app/AppIcon60x60@2x.png ... 
2021-10-09 23:40:20 +0000  8172 bytes for ./Payload/Enjaz.app/AppIcon60x60@2x.png
2021-10-09 23:40:20 +0000  copying file ./Payload/Enjaz.app/Base.lproj/LaunchScreen.storyboardc/01J-lp-oVM-view-Ze5-6b-2t3.nib ... 
2021-10-09 23:40:20 +0000  2480 bytes for ./Payload/Enjaz.app/Base.lproj/LaunchScreen.storyboardc/01J-lp-oVM-view-Ze5-6b-2t3.nib
copying file ./Payload/Enjaz.app/Base.lproj/LaunchScreen.storyboardc/UIViewController-01J-lp-oVM.nib ... 
896 bytes for ./Payload/Enjaz.app/Base.lproj/LaunchScreen.storyboardc/UIViewController-01J-lp-oVM.nib
copying file ./Payload/Enjaz.app/Base.lproj/LaunchScreen.storyboardc/Info.plist ... 
258 bytes for ./Payload/Enjaz.app/Base.lproj/LaunchScreen.storyboardc/Info.plist
copying file ./Payload/Enjaz.app/Assets.car ... 
2021-10-09 23:40:21 +0000  5937296 bytes for ./Payload/Enjaz.app/Assets.car
2021-10-09 23:40:21 +0000  copying file ./Payload/Enjaz.app/AppIcon76x76@2x~ipad.png ... 
2021-10-09 23:40:21 +0000  10843 bytes for ./Payload/Enjaz.app/AppIcon76x76@2x~ipad.png
copying file ./Payload/Enjaz.app/Enjaz ... 
2021-10-09 23:40:21 +0000  2516336 bytes for ./Payload/Enjaz.app/Enjaz
2021-10-09 23:40:21 +0000  copying file ./Payload/Enjaz.app/Frameworks/RealmSwift.framework/_CodeSignature/CodeResources ... 
1798 bytes for ./Payload/Enjaz.app/Frameworks/RealmSwift.framework/_CodeSignature/CodeResources
copying file ./Payload/Enjaz.app/Frameworks/RealmSwift.framework/RealmSwift ... 
2021-10-09 23:40:21 +0000  2749120 bytes for ./Payload/Enjaz.app/Frameworks/RealmSwift.framework/RealmSwift
copying file ./Payload/Enjaz.app/Frameworks/RealmSwift.framework/Info.plist ... 
2021-10-09 23:40:21 +0000  745 bytes for ./Payload/Enjaz.app/Frameworks/RealmSwift.framework/Info.plist
copying file ./Payload/Enjaz.app/Frameworks/SwiftKeychainWrapper.framework/_CodeSignature/CodeResources ... 
1798 bytes for ./Payload/Enjaz.app/Frameworks/SwiftKeychainWrapper.framework/_CodeSignature/CodeResources
copying file ./Payload/Enjaz.app/Frameworks/SwiftKeychainWrapper.framework/SwiftKeychainWrapper ... 
221744 bytes for ./Payload/Enjaz.app/Frameworks/SwiftKeychainWrapper.framework/SwiftKeychainWrapper
copying file ./Payload/Enjaz.app/Frameworks/SwiftKeychainWrapper.framework/Info.plist ... 
765 bytes for ./Payload/Enjaz.app/Frameworks/SwiftKeychainWrapper.framework/Info.plist
copying file ./Payload/Enjaz.app/Frameworks/ReSwift.framework/_CodeSignature/CodeResources ... 
1798 bytes for ./Payload/Enjaz.app/Frameworks/ReSwift.framework/_CodeSignature/CodeResources
copying file ./Payload/Enjaz.app/Frameworks/ReSwift.framework/ReSwift ... 
2021-10-09 23:40:21 +0000  221824 bytes for ./Payload/Enjaz.app/Frameworks/ReSwift.framework/ReSwift
copying file ./Payload/Enjaz.app/Frameworks/ReSwift.framework/Info.plist ... 
737 bytes for ./Payload/Enjaz.app/Frameworks/ReSwift.framework/Info.plist
copying file ./Payload/Enjaz.app/Frameworks/SPAlert.framework/_CodeSignature/CodeResources ... 
2021-10-09 23:40:21 +0000  1798 bytes for ./Payload/Enjaz.app/Frameworks/SPAlert.framework/_CodeSignature/CodeResources
copying file ./Payload/Enjaz.app/Frameworks/SPAlert.framework/SPAlert ... 
2021-10-09 23:40:21 +0000  210016 bytes for ./Payload/Enjaz.app/Frameworks/SPAlert.framework/SPAlert
2021-10-09 23:40:21 +0000  copying file ./Payload/Enjaz.app/Frameworks/SPAlert.framework/Info.plist ... 
785 bytes for ./Payload/Enjaz.app/Frameworks/SPAlert.framework/Info.plist
copying file ./Payload/Enjaz.app/Frameworks/Realm.framework/_CodeSignature/CodeResources ... 
1798 bytes for ./Payload/Enjaz.app/Frameworks/Realm.framework/_CodeSignature/CodeResources
2021-10-09 23:40:21 +0000  copying file ./Payload/Enjaz.app/Frameworks/Realm.framework/Info.plist ... 
2021-10-09 23:40:21 +0000  735 bytes for ./Payload/Enjaz.app/Frameworks/Realm.framework/Info.plist
copying file ./Payload/Enjaz.app/Frameworks/Realm.framework/Realm ... 
2021-10-09 23:40:22 +0000  10589072 bytes for ./Payload/Enjaz.app/Frameworks/Realm.framework/Realm
2021-10-09 23:40:22 +0000  copying file ./Payload/Enjaz.app/Frameworks/ShimmerSwift.framework/_CodeSignature/CodeResources ... 
1798 bytes for ./Payload/Enjaz.app/Frameworks/ShimmerSwift.framework/_CodeSignature/CodeResources
copying file ./Payload/Enjaz.app/Frameworks/ShimmerSwift.framework/Info.plist ... 
2021-10-09 23:40:22 +0000  748 bytes for ./Payload/Enjaz.app/Frameworks/ShimmerSwift.framework/Info.plist
copying file ./Payload/Enjaz.app/Frameworks/ShimmerSwift.framework/ShimmerSwift ... 
2021-10-09 23:40:22 +0000  186992 bytes for ./Payload/Enjaz.app/Frameworks/ShimmerSwift.framework/ShimmerSwift
2021-10-09 23:40:22 +0000  copying file ./Payload/Enjaz.app/Frameworks/SideMenu.framework/_CodeSignature/CodeResources ... 
1798 bytes for ./Payload/Enjaz.app/Frameworks/SideMenu.framework/_CodeSignature/CodeResources
copying file ./Payload/Enjaz.app/Frameworks/SideMenu.framework/SideMenu ... 
2021-10-09 23:40:22 +0000  583936 bytes for ./Payload/Enjaz.app/Frameworks/SideMenu.framework/SideMenu
2021-10-09 23:40:22 +0000  copying file ./Payload/Enjaz.app/Frameworks/SideMenu.framework/Info.plist ... 
740 bytes for ./Payload/Enjaz.app/Frameworks/SideMenu.framework/Info.plist
copying file ./Payload/Enjaz.app/embedded.mobileprovision ... 
2021-10-09 23:40:22 +0000  16499 bytes for ./Payload/Enjaz.app/embedded.mobileprovision
2021-10-09 23:40:22 +0000  copying file ./Payload/Enjaz.app/Info.plist ... 
2021-10-09 23:40:22 +0000  1841 bytes for ./Payload/Enjaz.app/Info.plist
2021-10-09 23:40:22 +0000  copying file ./Payload/Enjaz.app/PkgInfo ... 
2021-10-09 23:40:22 +0000  8 bytes for ./Payload/Enjaz.app/PkgInfo
2021-10-09 23:40:22 +0000  /usr/bin/ditto exited with 0
2021-10-09 23:40:22 +0000  Processing step: IDEDistributionAppStoreInformationStep
2021-10-09 23:40:22 +0000  Skipping step: IDEDistributionAppStoreInformationStep because it said so
2021-10-09 23:40:22 +0000  Processing step: IDEDistributionGenerateProcessedDistributionItems
2021-10-09 23:40:22 +0000  IDEDistributionItem init <DVTFilePath:0x7fd32cc6c2c0:'/var/folders/nj/y2wbn0k928g09qd_dcmd6h2h0000gn/T/XcodeDistPipeline.~~~41e4JM/Root/Payload/Enjaz.app/Frameworks/Realm.framework'>
2021-10-09 23:40:22 +0000  IDEDistributionItem init <DVTFilePath:0x7fd33eda3b50:'/var/folders/nj/y2wbn0k928g09qd_dcmd6h2h0000gn/T/XcodeDistPipeline.~~~41e4JM/Root/Payload/Enjaz.app/Frameworks/ReSwift.framework'>
2021-10-09 23:40:22 +0000  IDEDistributionItem init <DVTFilePath:0x7fd3356f16f0:'/var/folders/nj/y2wbn0k928g09qd_dcmd6h2h0000gn/T/XcodeDistPipeline.~~~41e4JM/Root/Payload/Enjaz.app/Frameworks/SwiftKeychainWrapper.framework'>
2021-10-09 23:40:22 +0000  IDEDistributionItem init <DVTFilePath:0x7fd31dd09210:'/var/folders/nj/y2wbn0k928g09qd_dcmd6h2h0000gn/T/XcodeDistPipeline.~~~41e4JM/Root/Payload/Enjaz.app/Frameworks/SideMenu.framework'>
2021-10-09 23:40:22 +0000  IDEDistributionItem init <DVTFilePath:0x7fd31dd04fe0:'/var/folders/nj/y2wbn0k928g09qd_dcmd6h2h0000gn/T/XcodeDistPipeline.~~~41e4JM/Root/Payload/Enjaz.app/Frameworks/ShimmerSwift.framework'>
2021-10-09 23:40:22 +0000  IDEDistributionItem init <DVTFilePath:0x7fd342199460:'/var/folders/nj/y2wbn0k928g09qd_dcmd6h2h0000gn/T/XcodeDistPipeline.~~~41e4JM/Root/Payload/Enjaz.app/Frameworks/SPAlert.framework'>
2021-10-09 23:40:22 +0000  IDEDistributionItem init <DVTFilePath:0x7fd3356f1790:'/var/folders/nj/y2wbn0k928g09qd_dcmd6h2h0000gn/T/XcodeDistPipeline.~~~41e4JM/Root/Payload/Enjaz.app/Frameworks/RealmSwift.framework'>
2021-10-09 23:40:22 +0000  IDEDistributionItem init <DVTFilePath:0x7fd331307890:'/var/folders/nj/y2wbn0k928g09qd_dcmd6h2h0000gn/T/XcodeDistPipeline.~~~41e4JM/Root/Payload/Enjaz.app'>
2021-10-09 23:40:22 +0000  Processing step: IDEDistributionCreateManifestStep
